\BOOKMARK [0][-]{chapter.1}{Introduction}{}% 1
\BOOKMARK [0][-]{chapter.2}{Download}{}% 2
\BOOKMARK [1][-]{section.2.1}{Code}{chapter.2}% 3
\BOOKMARK [1][-]{section.2.2}{Documentation}{chapter.2}% 4
\BOOKMARK [1][-]{section.2.3}{Reference}{chapter.2}% 5
\BOOKMARK [1][-]{section.2.4}{Platforms and Compatibility}{chapter.2}% 6
\BOOKMARK [1][-]{section.2.5}{Dependencies}{chapter.2}% 7
\BOOKMARK [1][-]{section.2.6}{Installing}{chapter.2}% 8
\BOOKMARK [0][-]{chapter.3}{Tutorials}{}% 9
\BOOKMARK [1][-]{section.3.1}{Constructing and analyzing a climate network}{chapter.3}% 10
\BOOKMARK [1][-]{section.3.2}{Recurrence network analysis of the logistic map}{chapter.3}% 11
\BOOKMARK [0][-]{chapter.4}{Methods}{}% 12
\BOOKMARK [1][-]{section.4.1}{General complex networks}{chapter.4}% 13
\BOOKMARK [1][-]{section.4.2}{Spatially embedded networks}{chapter.4}% 14
\BOOKMARK [1][-]{section.4.3}{Interacting/interdependent/multiplex networks / networks of networks}{chapter.4}% 15
\BOOKMARK [1][-]{section.4.4}{Node-weighted network measures / node-splitting invariance}{chapter.4}% 16
\BOOKMARK [1][-]{section.4.5}{Climate networks / Coupled climate networks}{chapter.4}% 17
\BOOKMARK [1][-]{section.4.6}{Recurrence networks / recurrence quantification analysis / recurrence plots}{chapter.4}% 18
\BOOKMARK [1][-]{section.4.7}{Visibility graph analysis}{chapter.4}% 19
\BOOKMARK [1][-]{section.4.8}{Surrogate time series}{chapter.4}% 20
\BOOKMARK [0][-]{chapter.5}{API}{}% 21
\BOOKMARK [1][-]{section.5.1}{core}{chapter.5}% 22
\BOOKMARK [1][-]{section.5.2}{climate}{chapter.5}% 23
\BOOKMARK [1][-]{section.5.3}{timeseries}{chapter.5}% 24
\BOOKMARK [1][-]{section.5.4}{funcnet}{chapter.5}% 25
\BOOKMARK [1][-]{section.5.5}{utils}{chapter.5}% 26
\BOOKMARK [0][-]{chapter.6}{Development}{}% 27
\BOOKMARK [1][-]{section.6.1}{Test suite}{chapter.6}% 28
\BOOKMARK [1][-]{section.6.2}{Mailing list}{chapter.6}% 29
\BOOKMARK [0][-]{chapter.7}{Changelog}{}% 30
\BOOKMARK [0][-]{chapter.8}{Publications}{}% 31
\BOOKMARK [1][-]{section.8.1}{General complex networks}{chapter.8}% 32
\BOOKMARK [1][-]{section.8.2}{Spatially embedded networks}{chapter.8}% 33
\BOOKMARK [1][-]{section.8.3}{Interacting/interdependent networks / networks of networks}{chapter.8}% 34
\BOOKMARK [1][-]{section.8.4}{Node-weighted network measures / node-splitting invariance}{chapter.8}% 35
\BOOKMARK [1][-]{section.8.5}{Climate data analysis \(general\)}{chapter.8}% 36
\BOOKMARK [1][-]{section.8.6}{Climate networks / Coupled climate networks}{chapter.8}% 37
\BOOKMARK [1][-]{section.8.7}{Power Grids/Power Networks}{chapter.8}% 38
\BOOKMARK [1][-]{section.8.8}{Time series analysis and synchronization \(general\)}{chapter.8}% 39
\BOOKMARK [1][-]{section.8.9}{Recurrence networks / quantification analysis / plots}{chapter.8}% 40
\BOOKMARK [1][-]{section.8.10}{Visibility graph analysis}{chapter.8}% 41
\BOOKMARK [0][-]{chapter.9}{License}{}% 42
\BOOKMARK [0][-]{chapter.10}{Contact}{}% 43
\BOOKMARK [1][-]{section.10.1}{Reference}{chapter.10}% 44
\BOOKMARK [0][-]{chapter*.863}{Bibliography}{}% 45
\BOOKMARK [0][-]{section*.926}{Python Module Index}{}% 46
\BOOKMARK [0][-]{section*.927}{Index}{}% 47
