0 info it worked if it ends with ok
1 verbose cli [ '/usr/bin/nodejs', '/usr/bin/npm', 'install', 'bower' ]
2 info using npm@1.4.21
3 info using node@v0.10.25
4 verbose cache add [ 'bower', null ]
5 verbose cache add name=undefined spec="bower" args=["bower",null]
6 verbose parsed url { protocol: null,
6 verbose parsed url   slashes: null,
6 verbose parsed url   auth: null,
6 verbose parsed url   host: null,
6 verbose parsed url   port: null,
6 verbose parsed url   hostname: null,
6 verbose parsed url   hash: null,
6 verbose parsed url   search: null,
6 verbose parsed url   query: null,
6 verbose parsed url   pathname: 'bower',
6 verbose parsed url   path: 'bower',
6 verbose parsed url   href: 'bower' }
7 silly lockFile 206e3ce5-bower bower
8 verbose lock bower /home/wger/.npm/206e3ce5-bower.lock
9 silly lockFile 206e3ce5-bower bower
10 silly lockFile 206e3ce5-bower bower
11 verbose addNamed [ 'bower', '' ]
12 verbose addNamed [ null, '*' ]
13 silly lockFile 1240aab1-bower bower@
14 verbose lock bower@ /home/wger/.npm/1240aab1-bower.lock
15 silly addNameRange { name: 'bower', range: '*', hasData: false }
16 verbose request where is /bower
17 verbose request registry https://registry.npmjs.org/
18 verbose request id b3bda3c425b4dc2e
19 verbose url raw /bower
20 verbose url resolving [ 'https://registry.npmjs.org/', './bower' ]
21 verbose url resolved https://registry.npmjs.org/bower
22 verbose request where is https://registry.npmjs.org/bower
23 info trying registry request attempt 1 at 21:57:49
24 http GET https://registry.npmjs.org/bower
25 info retry will retry, error on last attempt: Error: getaddrinfo EADDRINFO
26 info trying registry request attempt 2 at 21:58:39
27 http GET https://registry.npmjs.org/bower
28 info retry will retry, error on last attempt: Error: getaddrinfo EADDRINFO
29 info trying registry request attempt 3 at 22:00:19
30 http GET https://registry.npmjs.org/bower
31 silly lockFile 1240aab1-bower bower@
32 silly lockFile 1240aab1-bower bower@
33 error Error: getaddrinfo EADDRINFO
33 error     at errnoException (dns.js:37:11)
33 error     at Object.onanswer [as oncomplete] (dns.js:124:16)
34 error If you need help, you may report this *entire* log,
34 error including the npm and node versions, at:
34 error     <http://github.com/npm/npm/issues>
35 error System Linux 4.2.0-30-generic
36 error command "/usr/bin/nodejs" "/usr/bin/npm" "install" "bower"
37 error cwd /home/wger/src2/wger
38 error node -v v0.10.25
39 error npm -v 1.4.21
40 error syscall getaddrinfo
41 error code EADDRINFO
42 error errno EADDRINFO
43 verbose exit [ 1, true ]
