This file contains any messages produced by compilers while
running configure, to aid debugging if configure makes a mistake.

It was created by PMEM configure 0.1, which was
generated by GNU Autoconf 2.69.  Invocation command line was

  $ ./configure --prefix=/home/scudette/build/mingw/ --enable-static LDFLAGS=-L/home/scudette/build/mingw//lib -static -static-libstdc++ --host=i686-w64-mingw32 CXXFLAGS=-static -mnop-fun-dllimport -I/home/scudette/build/mingw//include/ --enable-static-binaries

## --------- ##
## Platform. ##
## --------- ##

hostname = scudette-glaptop
uname -m = x86_64
uname -r = 3.13.0-74-generic
uname -s = Linux
uname -v = #118-Ubuntu SMP Thu Dec 17 22:52:10 UTC 2015

/usr/bin/uname -p = unknown
/bin/uname -X     = unknown

/bin/arch              = unknown
/usr/bin/arch -k       = unknown
/usr/convex/getsysinfo = unknown
/usr/bin/hostinfo      = unknown
/bin/machine           = unknown
/usr/bin/oslevel       = unknown
/bin/universe          = unknown

PATH: /home/scudette/bin
PATH: /usr/local/sbin
PATH: /usr/local/bin
PATH: /usr/sbin
PATH: /usr/bin
PATH: /sbin
PATH: /bin
PATH: /home/scudette/build/depot_tools/


## ----------- ##
## Core tests. ##
## ----------- ##

configure:2644: checking for a BSD-compatible install
configure:2712: result: /usr/bin/install -c
configure:2723: checking whether build environment is sane
configure:2778: result: yes
configure:2837: checking for i686-w64-mingw32-strip
configure:2853: found /usr/bin/i686-w64-mingw32-strip
configure:2864: result: i686-w64-mingw32-strip
configure:2929: checking for a thread-safe mkdir -p
configure:2968: result: /bin/mkdir -p
configure:2975: checking for gawk
configure:2991: found /usr/bin/gawk
configure:3002: result: gawk
configure:3013: checking whether make sets $(MAKE)
configure:3035: result: yes
configure:3064: checking whether make supports nested variables
configure:3081: result: yes
configure:3236: checking for i686-w64-mingw32-g++
configure:3252: found /usr/bin/i686-w64-mingw32-g++
configure:3263: result: i686-w64-mingw32-g++
configure:3334: checking for C++ compiler version
configure:3343: i686-w64-mingw32-g++ --version >&5
i686-w64-mingw32-g++ (GCC) 4.8.2
Copyright (C) 2013 Free Software Foundation, Inc.
This is free software; see the source for copying conditions.  There is NO
warranty; not even for MERCHANTABILITY or FITNESS FOR A PARTICULAR PURPOSE.

configure:3354: $? = 0
configure:3343: i686-w64-mingw32-g++ -v >&5
Using built-in specs.
COLLECT_GCC=i686-w64-mingw32-g++
COLLECT_LTO_WRAPPER=/usr/lib/gcc/i686-w64-mingw32/4.8/lto-wrapper
Target: i686-w64-mingw32
Configured with: ../../src/configure --build=x86_64-linux-gnu --prefix=/usr --includedir='/usr/include' --mandir='/usr/share/man' --infodir='/usr/share/info' --sysconfdir=/etc --localstatedir=/var --libexecdir='/usr/lib/gcc-mingw-w64' --disable-maintainer-mode --disable-dependency-tracking --prefix=/usr --enable-shared --enable-static --disable-multilib --with-system-zlib --libexecdir=/usr/lib --without-included-gettext --libdir=/usr/lib --enable-libstdcxx-time=yes --with-tune=generic --enable-version-specific-runtime-libs --enable-threads=posix --enable-fully-dynamic-string --enable-sjlj-exceptions --enable-libgomp --enable-languages=c,c++,fortran,objc,obj-c++ --enable-lto --with-plugin-ld --target=i686-w64-mingw32 --with-gxx-include-dir=/usr/include/c++/4.8 --with-as=/usr/bin/i686-w64-mingw32-as --with-ld=/usr/bin/i686-w64-mingw32-ld
Thread model: posix
gcc version 4.8.2 (GCC) 
configure:3354: $? = 0
configure:3343: i686-w64-mingw32-g++ -V >&5
i686-w64-mingw32-g++: error: unrecognized command line option '-V'
i686-w64-mingw32-g++: fatal error: no input files
compilation terminated.
configure:3354: $? = 4
configure:3343: i686-w64-mingw32-g++ -qversion >&5
i686-w64-mingw32-g++: error: unrecognized command line option '-qversion'
i686-w64-mingw32-g++: fatal error: no input files
compilation terminated.
configure:3354: $? = 4
configure:3374: checking whether the C++ compiler works
configure:3396: i686-w64-mingw32-g++ -static -mnop-fun-dllimport -I/home/scudette/build/mingw//include/  -L/home/scudette/build/mingw//lib -static -static-libstdc++ conftest.cpp  >&5
configure:3400: $? = 0
configure:3448: result: yes
configure:3451: checking for C++ compiler default output file name
configure:3453: result: a.exe
configure:3459: checking for suffix of executables
configure:3466: i686-w64-mingw32-g++ -o conftest.exe -static -mnop-fun-dllimport -I/home/scudette/build/mingw//include/  -L/home/scudette/build/mingw//lib -static -static-libstdc++ conftest.cpp  >&5
configure:3470: $? = 0
configure:3492: result: .exe
configure:3514: checking whether we are cross compiling
configure:3522: i686-w64-mingw32-g++ -o conftest.exe -static -mnop-fun-dllimport -I/home/scudette/build/mingw//include/  -L/home/scudette/build/mingw//lib -static -static-libstdc++ conftest.cpp  >&5
configure:3526: $? = 0
configure:3533: ./conftest.exe
configure:3537: $? = 0
configure:3552: result: no
configure:3557: checking for suffix of object files
configure:3579: i686-w64-mingw32-g++ -c -static -mnop-fun-dllimport -I/home/scudette/build/mingw//include/  conftest.cpp >&5
configure:3583: $? = 0
configure:3604: result: o
configure:3608: checking whether we are using the GNU C++ compiler
configure:3627: i686-w64-mingw32-g++ -c -static -mnop-fun-dllimport -I/home/scudette/build/mingw//include/  conftest.cpp >&5
configure:3627: $? = 0
configure:3636: result: yes
configure:3645: checking whether i686-w64-mingw32-g++ accepts -g
configure:3665: i686-w64-mingw32-g++ -c -g  conftest.cpp >&5
configure:3665: $? = 0
configure:3706: result: yes
configure:3740: checking for style of include used by make
configure:3768: result: GNU
configure:3794: checking dependency style of i686-w64-mingw32-g++
configure:3905: result: gcc3
configure:3928: checking for i686-w64-mingw32-gcc
configure:3944: found /usr/bin/i686-w64-mingw32-gcc
configure:3955: result: i686-w64-mingw32-gcc
configure:4224: checking for C compiler version
configure:4233: i686-w64-mingw32-gcc --version >&5
i686-w64-mingw32-gcc (GCC) 4.8.2
Copyright (C) 2013 Free Software Foundation, Inc.
This is free software; see the source for copying conditions.  There is NO
warranty; not even for MERCHANTABILITY or FITNESS FOR A PARTICULAR PURPOSE.

configure:4244: $? = 0
configure:4233: i686-w64-mingw32-gcc -v >&5
Using built-in specs.
COLLECT_GCC=i686-w64-mingw32-gcc
COLLECT_LTO_WRAPPER=/usr/lib/gcc/i686-w64-mingw32/4.8/lto-wrapper
Target: i686-w64-mingw32
Configured with: ../../src/configure --build=x86_64-linux-gnu --prefix=/usr --includedir='/usr/include' --mandir='/usr/share/man' --infodir='/usr/share/info' --sysconfdir=/etc --localstatedir=/var --libexecdir='/usr/lib/gcc-mingw-w64' --disable-maintainer-mode --disable-dependency-tracking --prefix=/usr --enable-shared --enable-static --disable-multilib --with-system-zlib --libexecdir=/usr/lib --without-included-gettext --libdir=/usr/lib --enable-libstdcxx-time=yes --with-tune=generic --enable-version-specific-runtime-libs --enable-threads=posix --enable-fully-dynamic-string --enable-sjlj-exceptions --enable-libgomp --enable-languages=c,c++,fortran,objc,obj-c++ --enable-lto --with-plugin-ld --target=i686-w64-mingw32 --with-gxx-include-dir=/usr/include/c++/4.8 --with-as=/usr/bin/i686-w64-mingw32-as --with-ld=/usr/bin/i686-w64-mingw32-ld
Thread model: posix
gcc version 4.8.2 (GCC) 
configure:4244: $? = 0
configure:4233: i686-w64-mingw32-gcc -V >&5
i686-w64-mingw32-gcc: error: unrecognized command line option '-V'
i686-w64-mingw32-gcc: fatal error: no input files
compilation terminated.
configure:4244: $? = 4
configure:4233: i686-w64-mingw32-gcc -qversion >&5
i686-w64-mingw32-gcc: error: unrecognized command line option '-qversion'
i686-w64-mingw32-gcc: fatal error: no input files
compilation terminated.
configure:4244: $? = 4
configure:4248: checking whether we are using the GNU C compiler
configure:4267: i686-w64-mingw32-gcc -c   conftest.c >&5
configure:4267: $? = 0
configure:4276: result: yes
configure:4285: checking whether i686-w64-mingw32-gcc accepts -g
configure:4305: i686-w64-mingw32-gcc -c -g  conftest.c >&5
configure:4305: $? = 0
configure:4346: result: yes
configure:4363: checking for i686-w64-mingw32-gcc option to accept ISO C89
configure:4426: i686-w64-mingw32-gcc  -c -g -O2  conftest.c >&5
configure:4426: $? = 0
configure:4439: result: none needed
configure:4464: checking whether i686-w64-mingw32-gcc understands -c and -o together
configure:4486: i686-w64-mingw32-gcc -c conftest.c -o conftest2.o
configure:4489: $? = 0
configure:4486: i686-w64-mingw32-gcc -c conftest.c -o conftest2.o
configure:4489: $? = 0
configure:4501: result: yes
configure:4520: checking dependency style of i686-w64-mingw32-gcc
configure:4631: result: gcc3
configure:4662: checking whether we are building for a Win32 host
configure:4676: i686-w64-mingw32-g++ -c -static -mnop-fun-dllimport -I/home/scudette/build/mingw//include/  conftest.cpp >&5
conftest.cpp:13:2: error: 'choke' does not name a type
  choke me
  ^
configure:4676: $? = 1
configure: failed program was:
| /* confdefs.h */
| #define PACKAGE_NAME "PMEM"
| #define PACKAGE_TARNAME "pmem"
| #define PACKAGE_VERSION "0.1"
| #define PACKAGE_STRING "PMEM 0.1"
| #define PACKAGE_BUGREPORT "rekall-discuss@googlegroups.com"
| #define PACKAGE_URL ""
| #define PACKAGE "pmem"
| #define VERSION "0.1"
| /* end confdefs.h.  */
| 
| #ifdef _WIN32
|  choke me
| #endif
| 
configure:4683: result: yes
configure:4696: checking whether we are building for a linux host
configure:4709: i686-w64-mingw32-g++ -c -static -mnop-fun-dllimport -I/home/scudette/build/mingw//include/  conftest.cpp >&5
configure:4709: $? = 0
configure:4716: result: no
configure:4729: checking whether we are building for a osx host
configure:4742: i686-w64-mingw32-g++ -c -static -mnop-fun-dllimport -I/home/scudette/build/mingw//include/  conftest.cpp >&5
configure:4742: $? = 0
configure:4749: result: no
configure:4769: checking for main in -lglog
configure:4788: i686-w64-mingw32-g++ -o conftest.exe -static -mnop-fun-dllimport -I/home/scudette/build/mingw//include/  -L/home/scudette/build/mingw//lib -static -static-libstdc++ conftest.cpp -lglog   >&5
configure:4788: $? = 0
configure:4797: result: yes
configure:4871: checking how to run the C++ preprocessor
configure:4898: i686-w64-mingw32-g++ -E  conftest.cpp
configure:4898: $? = 0
configure:4912: i686-w64-mingw32-g++ -E  conftest.cpp
conftest.cpp:12:28: fatal error: ac_nonexistent.h: No such file or directory
 #include <ac_nonexistent.h>
                            ^
compilation terminated.
configure:4912: $? = 1
configure: failed program was:
| /* confdefs.h */
| #define PACKAGE_NAME "PMEM"
| #define PACKAGE_TARNAME "pmem"
| #define PACKAGE_VERSION "0.1"
| #define PACKAGE_STRING "PMEM 0.1"
| #define PACKAGE_BUGREPORT "rekall-discuss@googlegroups.com"
| #define PACKAGE_URL ""
| #define PACKAGE "pmem"
| #define VERSION "0.1"
| #define HAVE_LIBGLOG 1
| /* end confdefs.h.  */
| #include <ac_nonexistent.h>
configure:4937: result: i686-w64-mingw32-g++ -E
configure:4957: i686-w64-mingw32-g++ -E  conftest.cpp
configure:4957: $? = 0
configure:4971: i686-w64-mingw32-g++ -E  conftest.cpp
conftest.cpp:12:28: fatal error: ac_nonexistent.h: No such file or directory
 #include <ac_nonexistent.h>
                            ^
compilation terminated.
configure:4971: $? = 1
configure: failed program was:
| /* confdefs.h */
| #define PACKAGE_NAME "PMEM"
| #define PACKAGE_TARNAME "pmem"
| #define PACKAGE_VERSION "0.1"
| #define PACKAGE_STRING "PMEM 0.1"
| #define PACKAGE_BUGREPORT "rekall-discuss@googlegroups.com"
| #define PACKAGE_URL ""
| #define PACKAGE "pmem"
| #define VERSION "0.1"
| #define HAVE_LIBGLOG 1
| /* end confdefs.h.  */
| #include <ac_nonexistent.h>
configure:5000: checking for grep that handles long lines and -e
configure:5058: result: /bin/grep
configure:5063: checking for egrep
configure:5125: result: /bin/grep -E
configure:5130: checking for ANSI C header files
configure:5150: i686-w64-mingw32-g++ -c -static -mnop-fun-dllimport -I/home/scudette/build/mingw//include/  conftest.cpp >&5
configure:5150: $? = 0
configure:5223: i686-w64-mingw32-g++ -o conftest.exe -static -mnop-fun-dllimport -I/home/scudette/build/mingw//include/  -L/home/scudette/build/mingw//lib -static -static-libstdc++ conftest.cpp -lglog  >&5
configure:5223: $? = 0
configure:5223: ./conftest.exe
configure:5223: $? = 0
configure:5234: result: yes
configure:5247: checking for sys/types.h
configure:5247: i686-w64-mingw32-g++ -c -static -mnop-fun-dllimport -I/home/scudette/build/mingw//include/  conftest.cpp >&5
configure:5247: $? = 0
configure:5247: result: yes
configure:5247: checking for sys/stat.h
configure:5247: i686-w64-mingw32-g++ -c -static -mnop-fun-dllimport -I/home/scudette/build/mingw//include/  conftest.cpp >&5
configure:5247: $? = 0
configure:5247: result: yes
configure:5247: checking for stdlib.h
configure:5247: i686-w64-mingw32-g++ -c -static -mnop-fun-dllimport -I/home/scudette/build/mingw//include/  conftest.cpp >&5
configure:5247: $? = 0
configure:5247: result: yes
configure:5247: checking for string.h
configure:5247: i686-w64-mingw32-g++ -c -static -mnop-fun-dllimport -I/home/scudette/build/mingw//include/  conftest.cpp >&5
configure:5247: $? = 0
configure:5247: result: yes
configure:5247: checking for memory.h
configure:5247: i686-w64-mingw32-g++ -c -static -mnop-fun-dllimport -I/home/scudette/build/mingw//include/  conftest.cpp >&5
configure:5247: $? = 0
configure:5247: result: yes
configure:5247: checking for strings.h
configure:5247: i686-w64-mingw32-g++ -c -static -mnop-fun-dllimport -I/home/scudette/build/mingw//include/  conftest.cpp >&5
configure:5247: $? = 0
configure:5247: result: yes
configure:5247: checking for inttypes.h
configure:5247: i686-w64-mingw32-g++ -c -static -mnop-fun-dllimport -I/home/scudette/build/mingw//include/  conftest.cpp >&5
configure:5247: $? = 0
configure:5247: result: yes
configure:5247: checking for stdint.h
configure:5247: i686-w64-mingw32-g++ -c -static -mnop-fun-dllimport -I/home/scudette/build/mingw//include/  conftest.cpp >&5
configure:5247: $? = 0
configure:5247: result: yes
configure:5247: checking for unistd.h
configure:5247: i686-w64-mingw32-g++ -c -static -mnop-fun-dllimport -I/home/scudette/build/mingw//include/  conftest.cpp >&5
configure:5247: $? = 0
configure:5247: result: yes
configure:5262: checking fcntl.h usability
configure:5262: i686-w64-mingw32-g++ -c -static -mnop-fun-dllimport -I/home/scudette/build/mingw//include/  conftest.cpp >&5
configure:5262: $? = 0
configure:5262: result: yes
configure:5262: checking fcntl.h presence
configure:5262: i686-w64-mingw32-g++ -E  conftest.cpp
configure:5262: $? = 0
configure:5262: result: yes
configure:5262: checking for fcntl.h
configure:5262: result: yes
configure:5262: checking for stdlib.h
configure:5262: result: yes
configure:5262: checking for string.h
configure:5262: result: yes
configure:5262: checking for unistd.h
configure:5262: result: yes
configure:5274: checking for stdbool.h that conforms to C99
configure:5341: i686-w64-mingw32-g++ -c -static -mnop-fun-dllimport -I/home/scudette/build/mingw//include/  conftest.cpp >&5
configure:5341: $? = 0
configure:5348: result: yes
configure:5350: checking for _Bool
configure:5350: i686-w64-mingw32-g++ -c -static -mnop-fun-dllimport -I/home/scudette/build/mingw//include/  conftest.cpp >&5
conftest.cpp: In function 'int main()':
conftest.cpp:62:13: error: '_Bool' was not declared in this scope
 if (sizeof (_Bool))
             ^
configure:5350: $? = 1
configure: failed program was:
| /* confdefs.h */
| #define PACKAGE_NAME "PMEM"
| #define PACKAGE_TARNAME "pmem"
| #define PACKAGE_VERSION "0.1"
| #define PACKAGE_STRING "PMEM 0.1"
| #define PACKAGE_BUGREPORT "rekall-discuss@googlegroups.com"
| #define PACKAGE_URL ""
| #define PACKAGE "pmem"
| #define VERSION "0.1"
| #define HAVE_LIBGLOG 1
| #define STDC_HEADERS 1
| #define HAVE_SYS_TYPES_H 1
| #define HAVE_SYS_STAT_H 1
| #define HAVE_STDLIB_H 1
| #define HAVE_STRING_H 1
| #define HAVE_MEMORY_H 1
| #define HAVE_STRINGS_H 1
| #define HAVE_INTTYPES_H 1
| #define HAVE_STDINT_H 1
| #define HAVE_UNISTD_H 1
| #define HAVE_FCNTL_H 1
| #define HAVE_STDLIB_H 1
| #define HAVE_STRING_H 1
| #define HAVE_UNISTD_H 1
| /* end confdefs.h.  */
| #include <stdio.h>
| #ifdef HAVE_SYS_TYPES_H
| # include <sys/types.h>
| #endif
| #ifdef HAVE_SYS_STAT_H
| # include <sys/stat.h>
| #endif
| #ifdef STDC_HEADERS
| # include <stdlib.h>
| # include <stddef.h>
| #else
| # ifdef HAVE_STDLIB_H
| #  include <stdlib.h>
| # endif
| #endif
| #ifdef HAVE_STRING_H
| # if !defined STDC_HEADERS && defined HAVE_MEMORY_H
| #  include <memory.h>
| # endif
| # include <string.h>
| #endif
| #ifdef HAVE_STRINGS_H
| # include <strings.h>
| #endif
| #ifdef HAVE_INTTYPES_H
| # include <inttypes.h>
| #endif
| #ifdef HAVE_STDINT_H
| # include <stdint.h>
| #endif
| #ifdef HAVE_UNISTD_H
| # include <unistd.h>
| #endif
| int
| main ()
| {
| if (sizeof (_Bool))
| 	 return 0;
|   ;
|   return 0;
| }
configure:5350: result: no
configure:5361: checking for int32_t
configure:5361: i686-w64-mingw32-g++ -c -static -mnop-fun-dllimport -I/home/scudette/build/mingw//include/  conftest.cpp >&5
configure:5361: $? = 0
configure:5361: i686-w64-mingw32-g++ -c -static -mnop-fun-dllimport -I/home/scudette/build/mingw//include/  conftest.cpp >&5
conftest.cpp: In function 'int main()':
conftest.cpp:64:55: warning: integer overflow in expression [-Woverflow]
    < (int32_t) (((((int32_t) 1 << N) << N) - 1) * 2 + 2))];
                                                       ^
conftest.cpp:64:58: error: size of array 'test_array' is negative
    < (int32_t) (((((int32_t) 1 << N) << N) - 1) * 2 + 2))];
                                                          ^
configure:5361: $? = 1
configure: failed program was:
| /* confdefs.h */
| #define PACKAGE_NAME "PMEM"
| #define PACKAGE_TARNAME "pmem"
| #define PACKAGE_VERSION "0.1"
| #define PACKAGE_STRING "PMEM 0.1"
| #define PACKAGE_BUGREPORT "rekall-discuss@googlegroups.com"
| #define PACKAGE_URL ""
| #define PACKAGE "pmem"
| #define VERSION "0.1"
| #define HAVE_LIBGLOG 1
| #define STDC_HEADERS 1
| #define HAVE_SYS_TYPES_H 1
| #define HAVE_SYS_STAT_H 1
| #define HAVE_STDLIB_H 1
| #define HAVE_STRING_H 1
| #define HAVE_MEMORY_H 1
| #define HAVE_STRINGS_H 1
| #define HAVE_INTTYPES_H 1
| #define HAVE_STDINT_H 1
| #define HAVE_UNISTD_H 1
| #define HAVE_FCNTL_H 1
| #define HAVE_STDLIB_H 1
| #define HAVE_STRING_H 1
| #define HAVE_UNISTD_H 1
| /* end confdefs.h.  */
| #include <stdio.h>
| #ifdef HAVE_SYS_TYPES_H
| # include <sys/types.h>
| #endif
| #ifdef HAVE_SYS_STAT_H
| # include <sys/stat.h>
| #endif
| #ifdef STDC_HEADERS
| # include <stdlib.h>
| # include <stddef.h>
| #else
| # ifdef HAVE_STDLIB_H
| #  include <stdlib.h>
| # endif
| #endif
| #ifdef HAVE_STRING_H
| # if !defined STDC_HEADERS && defined HAVE_MEMORY_H
| #  include <memory.h>
| # endif
| # include <string.h>
| #endif
| #ifdef HAVE_STRINGS_H
| # include <strings.h>
| #endif
| #ifdef HAVE_INTTYPES_H
| # include <inttypes.h>
| #endif
| #ifdef HAVE_STDINT_H
| # include <stdint.h>
| #endif
| #ifdef HAVE_UNISTD_H
| # include <unistd.h>
| #endif
| 	        enum { N = 32 / 2 - 1 };
| int
| main ()
| {
| static int test_array [1 - 2 * !((int32_t) (((((int32_t) 1 << N) << N) - 1) * 2 + 1)
| 		 < (int32_t) (((((int32_t) 1 << N) << N) - 1) * 2 + 2))];
| test_array [0] = 0;
| return test_array [0];
| 
|   ;
|   return 0;
| }
configure:5361: result: yes
configure:5372: checking for off_t
configure:5372: i686-w64-mingw32-g++ -c -static -mnop-fun-dllimport -I/home/scudette/build/mingw//include/  conftest.cpp >&5
configure:5372: $? = 0
configure:5372: i686-w64-mingw32-g++ -c -static -mnop-fun-dllimport -I/home/scudette/build/mingw//include/  conftest.cpp >&5
conftest.cpp: In function 'int main()':
conftest.cpp:62:19: error: expected primary-expression before ')' token
 if (sizeof ((off_t)))
                   ^
configure:5372: $? = 1
configure: failed program was:
| /* confdefs.h */
| #define PACKAGE_NAME "PMEM"
| #define PACKAGE_TARNAME "pmem"
| #define PACKAGE_VERSION "0.1"
| #define PACKAGE_STRING "PMEM 0.1"
| #define PACKAGE_BUGREPORT "rekall-discuss@googlegroups.com"
| #define PACKAGE_URL ""
| #define PACKAGE "pmem"
| #define VERSION "0.1"
| #define HAVE_LIBGLOG 1
| #define STDC_HEADERS 1
| #define HAVE_SYS_TYPES_H 1
| #define HAVE_SYS_STAT_H 1
| #define HAVE_STDLIB_H 1
| #define HAVE_STRING_H 1
| #define HAVE_MEMORY_H 1
| #define HAVE_STRINGS_H 1
| #define HAVE_INTTYPES_H 1
| #define HAVE_STDINT_H 1
| #define HAVE_UNISTD_H 1
| #define HAVE_FCNTL_H 1
| #define HAVE_STDLIB_H 1
| #define HAVE_STRING_H 1
| #define HAVE_UNISTD_H 1
| /* end confdefs.h.  */
| #include <stdio.h>
| #ifdef HAVE_SYS_TYPES_H
| # include <sys/types.h>
| #endif
| #ifdef HAVE_SYS_STAT_H
| # include <sys/stat.h>
| #endif
| #ifdef STDC_HEADERS
| # include <stdlib.h>
| # include <stddef.h>
| #else
| # ifdef HAVE_STDLIB_H
| #  include <stdlib.h>
| # endif
| #endif
| #ifdef HAVE_STRING_H
| # if !defined STDC_HEADERS && defined HAVE_MEMORY_H
| #  include <memory.h>
| # endif
| # include <string.h>
| #endif
| #ifdef HAVE_STRINGS_H
| # include <strings.h>
| #endif
| #ifdef HAVE_INTTYPES_H
| # include <inttypes.h>
| #endif
| #ifdef HAVE_STDINT_H
| # include <stdint.h>
| #endif
| #ifdef HAVE_UNISTD_H
| # include <unistd.h>
| #endif
| int
| main ()
| {
| if (sizeof ((off_t)))
| 	    return 0;
|   ;
|   return 0;
| }
configure:5372: result: yes
configure:5383: checking for size_t
configure:5383: i686-w64-mingw32-g++ -c -static -mnop-fun-dllimport -I/home/scudette/build/mingw//include/  conftest.cpp >&5
configure:5383: $? = 0
configure:5383: i686-w64-mingw32-g++ -c -static -mnop-fun-dllimport -I/home/scudette/build/mingw//include/  conftest.cpp >&5
conftest.cpp: In function 'int main()':
conftest.cpp:62:20: error: expected primary-expression before ')' token
 if (sizeof ((size_t)))
                    ^
configure:5383: $? = 1
configure: failed program was:
| /* confdefs.h */
| #define PACKAGE_NAME "PMEM"
| #define PACKAGE_TARNAME "pmem"
| #define PACKAGE_VERSION "0.1"
| #define PACKAGE_STRING "PMEM 0.1"
| #define PACKAGE_BUGREPORT "rekall-discuss@googlegroups.com"
| #define PACKAGE_URL ""
| #define PACKAGE "pmem"
| #define VERSION "0.1"
| #define HAVE_LIBGLOG 1
| #define STDC_HEADERS 1
| #define HAVE_SYS_TYPES_H 1
| #define HAVE_SYS_STAT_H 1
| #define HAVE_STDLIB_H 1
| #define HAVE_STRING_H 1
| #define HAVE_MEMORY_H 1
| #define HAVE_STRINGS_H 1
| #define HAVE_INTTYPES_H 1
| #define HAVE_STDINT_H 1
| #define HAVE_UNISTD_H 1
| #define HAVE_FCNTL_H 1
| #define HAVE_STDLIB_H 1
| #define HAVE_STRING_H 1
| #define HAVE_UNISTD_H 1
| /* end confdefs.h.  */
| #include <stdio.h>
| #ifdef HAVE_SYS_TYPES_H
| # include <sys/types.h>
| #endif
| #ifdef HAVE_SYS_STAT_H
| # include <sys/stat.h>
| #endif
| #ifdef STDC_HEADERS
| # include <stdlib.h>
| # include <stddef.h>
| #else
| # ifdef HAVE_STDLIB_H
| #  include <stdlib.h>
| # endif
| #endif
| #ifdef HAVE_STRING_H
| # if !defined STDC_HEADERS && defined HAVE_MEMORY_H
| #  include <memory.h>
| # endif
| # include <string.h>
| #endif
| #ifdef HAVE_STRINGS_H
| # include <strings.h>
| #endif
| #ifdef HAVE_INTTYPES_H
| # include <inttypes.h>
| #endif
| #ifdef HAVE_STDINT_H
| # include <stdint.h>
| #endif
| #ifdef HAVE_UNISTD_H
| # include <unistd.h>
| #endif
| int
| main ()
| {
| if (sizeof ((size_t)))
| 	    return 0;
|   ;
|   return 0;
| }
configure:5383: result: yes
configure:5394: checking for ssize_t
configure:5394: i686-w64-mingw32-g++ -c -static -mnop-fun-dllimport -I/home/scudette/build/mingw//include/  conftest.cpp >&5
configure:5394: $? = 0
configure:5394: i686-w64-mingw32-g++ -c -static -mnop-fun-dllimport -I/home/scudette/build/mingw//include/  conftest.cpp >&5
conftest.cpp: In function 'int main()':
conftest.cpp:62:21: error: expected primary-expression before ')' token
 if (sizeof ((ssize_t)))
                     ^
configure:5394: $? = 1
configure: failed program was:
| /* confdefs.h */
| #define PACKAGE_NAME "PMEM"
| #define PACKAGE_TARNAME "pmem"
| #define PACKAGE_VERSION "0.1"
| #define PACKAGE_STRING "PMEM 0.1"
| #define PACKAGE_BUGREPORT "rekall-discuss@googlegroups.com"
| #define PACKAGE_URL ""
| #define PACKAGE "pmem"
| #define VERSION "0.1"
| #define HAVE_LIBGLOG 1
| #define STDC_HEADERS 1
| #define HAVE_SYS_TYPES_H 1
| #define HAVE_SYS_STAT_H 1
| #define HAVE_STDLIB_H 1
| #define HAVE_STRING_H 1
| #define HAVE_MEMORY_H 1
| #define HAVE_STRINGS_H 1
| #define HAVE_INTTYPES_H 1
| #define HAVE_STDINT_H 1
| #define HAVE_UNISTD_H 1
| #define HAVE_FCNTL_H 1
| #define HAVE_STDLIB_H 1
| #define HAVE_STRING_H 1
| #define HAVE_UNISTD_H 1
| /* end confdefs.h.  */
| #include <stdio.h>
| #ifdef HAVE_SYS_TYPES_H
| # include <sys/types.h>
| #endif
| #ifdef HAVE_SYS_STAT_H
| # include <sys/stat.h>
| #endif
| #ifdef STDC_HEADERS
| # include <stdlib.h>
| # include <stddef.h>
| #else
| # ifdef HAVE_STDLIB_H
| #  include <stdlib.h>
| # endif
| #endif
| #ifdef HAVE_STRING_H
| # if !defined STDC_HEADERS && defined HAVE_MEMORY_H
| #  include <memory.h>
| # endif
| # include <string.h>
| #endif
| #ifdef HAVE_STRINGS_H
| # include <strings.h>
| #endif
| #ifdef HAVE_INTTYPES_H
| # include <inttypes.h>
| #endif
| #ifdef HAVE_STDINT_H
| # include <stdint.h>
| #endif
| #ifdef HAVE_UNISTD_H
| # include <unistd.h>
| #endif
| int
| main ()
| {
| if (sizeof ((ssize_t)))
| 	    return 0;
|   ;
|   return 0;
| }
configure:5394: result: yes
configure:5405: checking for uint16_t
configure:5405: i686-w64-mingw32-g++ -c -static -mnop-fun-dllimport -I/home/scudette/build/mingw//include/  conftest.cpp >&5
configure:5405: $? = 0
configure:5405: result: yes
configure:5417: checking for uint32_t
configure:5417: i686-w64-mingw32-g++ -c -static -mnop-fun-dllimport -I/home/scudette/build/mingw//include/  conftest.cpp >&5
configure:5417: $? = 0
configure:5417: result: yes
configure:5431: checking for uint64_t
configure:5431: i686-w64-mingw32-g++ -c -static -mnop-fun-dllimport -I/home/scudette/build/mingw//include/  conftest.cpp >&5
configure:5431: $? = 0
configure:5431: result: yes
configure:5452: checking for i686-w64-mingw32-ar
configure:5468: found /usr/bin/i686-w64-mingw32-ar
configure:5479: result: i686-w64-mingw32-ar
configure:5549: checking the archiver (i686-w64-mingw32-ar) interface
configure:5565: i686-w64-mingw32-gcc -c -g -O2  conftest.c >&5
configure:5565: $? = 0
configure:5567: i686-w64-mingw32-ar cru libconftest.a conftest.o >&5
configure:5570: $? = 0
configure:5598: result: ar
configure:5647: checking build system type
configure:5661: result: x86_64-unknown-linux-gnu
configure:5681: checking host system type
configure:5694: result: i686-w64-mingw32
configure:5735: checking how to print strings
configure:5762: result: printf
configure:5783: checking for a sed that does not truncate output
configure:5847: result: /bin/sed
configure:5865: checking for fgrep
configure:5927: result: /bin/grep -F
configure:5962: checking for ld used by i686-w64-mingw32-gcc
configure:6029: result: /usr/bin/i686-w64-mingw32-ld
configure:6036: checking if the linker (/usr/bin/i686-w64-mingw32-ld) is GNU ld
configure:6051: result: yes
configure:6063: checking for BSD- or MS-compatible name lister (nm)
configure:6112: result: /usr/bin/i686-w64-mingw32-nm -B
configure:6242: checking the name lister (/usr/bin/i686-w64-mingw32-nm -B) interface
configure:6249: i686-w64-mingw32-g++ -c -static -mnop-fun-dllimport -I/home/scudette/build/mingw//include/  conftest.cpp >&5
configure:6252: /usr/bin/i686-w64-mingw32-nm -B "conftest.o"
configure:6255: output
00000000 b .bss
00000000 d .data
00000000 r .rdata$zzz
00000000 t .text
00000000 B _some_variable
configure:6262: result: BSD nm
configure:6265: checking whether ln -s works
configure:6269: result: yes
configure:6277: checking the maximum length of command line arguments
configure:6408: result: 1572864
configure:6425: checking whether the shell understands some XSI constructs
configure:6435: result: yes
configure:6439: checking whether the shell understands "+="
configure:6445: result: yes
configure:6480: checking how to convert x86_64-unknown-linux-gnu file names to i686-w64-mingw32 format
configure:6520: result: func_convert_file_nix_to_w32
configure:6527: checking how to convert x86_64-unknown-linux-gnu file names to toolchain format
configure:6547: result: func_convert_file_noop
configure:6554: checking for /usr/bin/i686-w64-mingw32-ld option to reload object files
configure:6561: result: -r
configure:6595: checking for i686-w64-mingw32-objdump
configure:6611: found /usr/bin/i686-w64-mingw32-objdump
configure:6622: result: i686-w64-mingw32-objdump
configure:6694: checking how to recognize dependent libraries
configure:6892: result: file_magic ^x86 archive import|^x86 DLL
configure:6937: checking for i686-w64-mingw32-dlltool
configure:6953: found /usr/bin/i686-w64-mingw32-dlltool
configure:6964: result: i686-w64-mingw32-dlltool
configure:7037: checking how to associate runtime and link libraries
configure:7064: result: func_cygming_dll_for_implib
configure:7080: checking for i686-w64-mingw32-ar
configure:7107: result: i686-w64-mingw32-ar
configure:7188: checking for archiver @FILE support
configure:7205: i686-w64-mingw32-g++ -c -static -mnop-fun-dllimport -I/home/scudette/build/mingw//include/  conftest.cpp >&5
configure:7205: $? = 0
configure:7208: i686-w64-mingw32-ar cru libconftest.a @conftest.lst >&5
configure:7211: $? = 0
configure:7216: i686-w64-mingw32-ar cru libconftest.a @conftest.lst >&5
i686-w64-mingw32-ar: conftest.o: No such file or directory
configure:7219: $? = 1
configure:7231: result: @
configure:7249: checking for i686-w64-mingw32-strip
configure:7276: result: i686-w64-mingw32-strip
configure:7348: checking for i686-w64-mingw32-ranlib
configure:7364: found /usr/bin/i686-w64-mingw32-ranlib
configure:7375: result: i686-w64-mingw32-ranlib
configure:7517: checking command to parse /usr/bin/i686-w64-mingw32-nm -B output from i686-w64-mingw32-gcc object
configure:7637: i686-w64-mingw32-g++ -c -static -mnop-fun-dllimport -I/home/scudette/build/mingw//include/  conftest.cpp >&5
configure:7640: $? = 0
configure:7644: /usr/bin/i686-w64-mingw32-nm -B conftest.o \| sed -n -e 's/^.*[ ]\([ABCDGIRSTW][ABCDGIRSTW]*\)[ ][ ]*\([_A-Za-z][_A-Za-z0-9]*\)$/\1 \2 \2/p' | sed '/ __gnu_lto/d' \> conftest.nm
configure:7647: $? = 0
cannot find nm_test_var in conftest.nm
configure:7637: i686-w64-mingw32-g++ -c -static -mnop-fun-dllimport -I/home/scudette/build/mingw//include/  conftest.cpp >&5
configure:7640: $? = 0
configure:7644: /usr/bin/i686-w64-mingw32-nm -B conftest.o \| sed -n -e 's/^.*[ ]\([ABCDGIRSTW][ABCDGIRSTW]*\)[ ][ ]*_\([_A-Za-z][_A-Za-z0-9]*\)$/\1 _\2 \2/p' | sed '/ __gnu_lto/d' \> conftest.nm
configure:7647: $? = 0
configure:7713: i686-w64-mingw32-g++ -o conftest.exe -static -mnop-fun-dllimport -I/home/scudette/build/mingw//include/  -L/home/scudette/build/mingw//lib -static -static-libstdc++ conftest.cpp conftstm.o >&5
configure:7716: $? = 0
configure:7754: result: ok
configure:7791: checking for sysroot
configure:7821: result: no
configure:8050: checking for i686-w64-mingw32-mt
configure:8080: result: no
configure:8090: checking for mt
configure:8106: found /bin/mt
configure:8117: result: mt
configure:8140: checking if mt is a manifest tool
configure:8146: mt '-?'
configure:8154: result: no
configure:8793: checking for dlfcn.h
configure:8793: i686-w64-mingw32-g++ -c -static -mnop-fun-dllimport -I/home/scudette/build/mingw//include/  conftest.cpp >&5
conftest.cpp:60:19: fatal error: dlfcn.h: No such file or directory
 #include <dlfcn.h>
                   ^
compilation terminated.
configure:8793: $? = 1
configure: failed program was:
| /* confdefs.h */
| #define PACKAGE_NAME "PMEM"
| #define PACKAGE_TARNAME "pmem"
| #define PACKAGE_VERSION "0.1"
| #define PACKAGE_STRING "PMEM 0.1"
| #define PACKAGE_BUGREPORT "rekall-discuss@googlegroups.com"
| #define PACKAGE_URL ""
| #define PACKAGE "pmem"
| #define VERSION "0.1"
| #define HAVE_LIBGLOG 1
| #define STDC_HEADERS 1
| #define HAVE_SYS_TYPES_H 1
| #define HAVE_SYS_STAT_H 1
| #define HAVE_STDLIB_H 1
| #define HAVE_STRING_H 1
| #define HAVE_MEMORY_H 1
| #define HAVE_STRINGS_H 1
| #define HAVE_INTTYPES_H 1
| #define HAVE_STDINT_H 1
| #define HAVE_UNISTD_H 1
| #define HAVE_FCNTL_H 1
| #define HAVE_STDLIB_H 1
| #define HAVE_STRING_H 1
| #define HAVE_UNISTD_H 1
| /* end confdefs.h.  */
| #include <stdio.h>
| #ifdef HAVE_SYS_TYPES_H
| # include <sys/types.h>
| #endif
| #ifdef HAVE_SYS_STAT_H
| # include <sys/stat.h>
| #endif
| #ifdef STDC_HEADERS
| # include <stdlib.h>
| # include <stddef.h>
| #else
| # ifdef HAVE_STDLIB_H
| #  include <stdlib.h>
| # endif
| #endif
| #ifdef HAVE_STRING_H
| # if !defined STDC_HEADERS && defined HAVE_MEMORY_H
| #  include <memory.h>
| # endif
| # include <string.h>
| #endif
| #ifdef HAVE_STRINGS_H
| # include <strings.h>
| #endif
| #ifdef HAVE_INTTYPES_H
| # include <inttypes.h>
| #endif
| #ifdef HAVE_STDINT_H
| # include <stdint.h>
| #endif
| #ifdef HAVE_UNISTD_H
| # include <unistd.h>
| #endif
| 
| #include <dlfcn.h>
configure:8793: result: no
configure:9009: checking for objdir
configure:9024: result: .libs
configure:9295: checking if i686-w64-mingw32-gcc supports -fno-rtti -fno-exceptions
configure:9313: i686-w64-mingw32-gcc -c -g -O2  -fno-rtti -fno-exceptions conftest.c >&5
cc1: warning: command line option '-fno-rtti' is valid for C++/ObjC++ but not for C [enabled by default]
configure:9317: $? = 0
configure:9330: result: no
configure:9657: checking for i686-w64-mingw32-gcc option to produce PIC
configure:9664: result: -DDLL_EXPORT -DPIC
configure:9672: checking if i686-w64-mingw32-gcc PIC flag -DDLL_EXPORT -DPIC works
configure:9690: i686-w64-mingw32-gcc -c -g -O2  -DDLL_EXPORT -DPIC -DPIC conftest.c >&5
configure:9694: $? = 0
configure:9707: result: yes
configure:9736: checking if i686-w64-mingw32-gcc static flag -static works
configure:9764: result: yes
configure:9779: checking if i686-w64-mingw32-gcc supports -c -o file.o
configure:9800: i686-w64-mingw32-gcc -c -g -O2  -o out/conftest2.o conftest.c >&5
configure:9804: $? = 0
configure:9826: result: yes
configure:9834: checking if i686-w64-mingw32-gcc supports -c -o file.o
configure:9881: result: yes
configure:9914: checking whether the i686-w64-mingw32-gcc linker (/usr/bin/i686-w64-mingw32-ld) supports shared libraries
configure:11071: result: yes
configure:11108: checking whether -lc should be explicitly linked in
configure:11116: i686-w64-mingw32-gcc -c -g -O2  conftest.c >&5
configure:11119: $? = 0
configure:11134: i686-w64-mingw32-gcc -shared conftest.o  -v -o ./conftest -Wl,--enable-auto-image-base -Xlinker --out-implib -Xlinker conftest 2\>\&1 \| /bin/grep  -lc  \>/dev/null 2\>\&1
configure:11137: $? = 1
configure:11151: result: yes
configure:11311: checking dynamic linker characteristics
configure:12045: result: Win32 ld.exe
configure:12152: checking how to hardcode library paths into programs
configure:12177: result: immediate
configure:12717: checking whether stripping libraries is possible
configure:12722: result: yes
configure:12757: checking if libtool supports shared libraries
configure:12759: result: yes
configure:12762: checking whether to build shared libraries
configure:12783: result: yes
configure:12786: checking whether to build static libraries
configure:12790: result: yes
configure:12813: checking how to run the C++ preprocessor
configure:12879: result: i686-w64-mingw32-g++ -E
configure:12899: i686-w64-mingw32-g++ -E  conftest.cpp
configure:12899: $? = 0
configure:12913: i686-w64-mingw32-g++ -E  conftest.cpp
conftest.cpp:27:28: fatal error: ac_nonexistent.h: No such file or directory
 #include <ac_nonexistent.h>
                            ^
compilation terminated.
configure:12913: $? = 1
configure: failed program was:
| /* confdefs.h */
| #define PACKAGE_NAME "PMEM"
| #define PACKAGE_TARNAME "pmem"
| #define PACKAGE_VERSION "0.1"
| #define PACKAGE_STRING "PMEM 0.1"
| #define PACKAGE_BUGREPORT "rekall-discuss@googlegroups.com"
| #define PACKAGE_URL ""
| #define PACKAGE "pmem"
| #define VERSION "0.1"
| #define HAVE_LIBGLOG 1
| #define STDC_HEADERS 1
| #define HAVE_SYS_TYPES_H 1
| #define HAVE_SYS_STAT_H 1
| #define HAVE_STDLIB_H 1
| #define HAVE_STRING_H 1
| #define HAVE_MEMORY_H 1
| #define HAVE_STRINGS_H 1
| #define HAVE_INTTYPES_H 1
| #define HAVE_STDINT_H 1
| #define HAVE_UNISTD_H 1
| #define HAVE_FCNTL_H 1
| #define HAVE_STDLIB_H 1
| #define HAVE_STRING_H 1
| #define HAVE_UNISTD_H 1
| #define LT_OBJDIR ".libs/"
| /* end confdefs.h.  */
| #include <ac_nonexistent.h>
configure:13082: checking for ld used by i686-w64-mingw32-g++
configure:13149: result: /usr/bin/i686-w64-mingw32-ld
configure:13156: checking if the linker (/usr/bin/i686-w64-mingw32-ld) is GNU ld
configure:13171: result: yes
configure:13226: checking whether the i686-w64-mingw32-g++ linker (/usr/bin/i686-w64-mingw32-ld) supports shared libraries
configure:14228: result: yes
configure:14264: i686-w64-mingw32-g++ -c -static -mnop-fun-dllimport -I/home/scudette/build/mingw//include/  conftest.cpp >&5
configure:14267: $? = 0
configure:14787: checking for i686-w64-mingw32-g++ option to produce PIC
configure:14794: result: -DDLL_EXPORT -DPIC
configure:14802: checking if i686-w64-mingw32-g++ PIC flag -DDLL_EXPORT -DPIC works
configure:14820: i686-w64-mingw32-g++ -c -static -mnop-fun-dllimport -I/home/scudette/build/mingw//include/  -DDLL_EXPORT -DPIC -DPIC conftest.cpp >&5
configure:14824: $? = 0
configure:14837: result: yes
configure:14860: checking if i686-w64-mingw32-g++ static flag -static works
configure:14888: result: yes
configure:14900: checking if i686-w64-mingw32-g++ supports -c -o file.o
configure:14921: i686-w64-mingw32-g++ -c -static -mnop-fun-dllimport -I/home/scudette/build/mingw//include/  -o out/conftest2.o conftest.cpp >&5
configure:14925: $? = 0
configure:14947: result: yes
configure:14952: checking if i686-w64-mingw32-g++ supports -c -o file.o
configure:14999: result: yes
configure:15029: checking whether the i686-w64-mingw32-g++ linker (/usr/bin/i686-w64-mingw32-ld) supports shared libraries
configure:15068: result: yes
configure:15209: checking dynamic linker characteristics
configure:15877: result: Win32 ld.exe
configure:15930: checking how to hardcode library paths into programs
configure:15955: result: immediate
configure:16044: checking for ftruncate
configure:16044: i686-w64-mingw32-g++ -o conftest.exe -static -mnop-fun-dllimport -I/home/scudette/build/mingw//include/  -L/home/scudette/build/mingw//lib -static -static-libstdc++ conftest.cpp -lglog  >&5
configure:16044: $? = 0
configure:16044: result: yes
configure:16044: checking for localtime_r
configure:16044: i686-w64-mingw32-g++ -o conftest.exe -static -mnop-fun-dllimport -I/home/scudette/build/mingw//include/  -L/home/scudette/build/mingw//lib -static -static-libstdc++ conftest.cpp -lglog  >&5
/tmp/cc2AfNif.o:conftest.cpp:(.text+0xc): undefined reference to `localtime_r'
collect2: error: ld returned 1 exit status
configure:16044: $? = 1
configure: failed program was:
| /* confdefs.h */
| #define PACKAGE_NAME "PMEM"
| #define PACKAGE_TARNAME "pmem"
| #define PACKAGE_VERSION "0.1"
| #define PACKAGE_STRING "PMEM 0.1"
| #define PACKAGE_BUGREPORT "rekall-discuss@googlegroups.com"
| #define PACKAGE_URL ""
| #define PACKAGE "pmem"
| #define VERSION "0.1"
| #define HAVE_LIBGLOG 1
| #define STDC_HEADERS 1
| #define HAVE_SYS_TYPES_H 1
| #define HAVE_SYS_STAT_H 1
| #define HAVE_STDLIB_H 1
| #define HAVE_STRING_H 1
| #define HAVE_MEMORY_H 1
| #define HAVE_STRINGS_H 1
| #define HAVE_INTTYPES_H 1
| #define HAVE_STDINT_H 1
| #define HAVE_UNISTD_H 1
| #define HAVE_FCNTL_H 1
| #define HAVE_STDLIB_H 1
| #define HAVE_STRING_H 1
| #define HAVE_UNISTD_H 1
| #define LT_OBJDIR ".libs/"
| #define HAVE_FTRUNCATE 1
| /* end confdefs.h.  */
| /* Define localtime_r to an innocuous variant, in case <limits.h> declares localtime_r.
|    For example, HP-UX 11i <limits.h> declares gettimeofday.  */
| #define localtime_r innocuous_localtime_r
| 
| /* System header to define __stub macros and hopefully few prototypes,
|     which can conflict with char localtime_r (); below.
|     Prefer <limits.h> to <assert.h> if __STDC__ is defined, since
|     <limits.h> exists even on freestanding compilers.  */
| 
| #ifdef __STDC__
| # include <limits.h>
| #else
| # include <assert.h>
| #endif
| 
| #undef localtime_r
| 
| /* Override any GCC internal prototype to avoid an error.
|    Use char because int might match the return type of a GCC
|    builtin and then its argument prototype would still apply.  */
| #ifdef __cplusplus
| extern "C"
| #endif
| char localtime_r ();
| /* The GNU C library defines this for functions which it implements
|     to always fail with ENOSYS.  Some functions are actually named
|     something starting with __ and the normal name is an alias.  */
| #if defined __stub_localtime_r || defined __stub___localtime_r
| choke me
| #endif
| 
| int
| main ()
| {
| return localtime_r ();
|   ;
|   return 0;
| }
configure:16044: result: no
configure:16044: checking for memset
configure:16044: i686-w64-mingw32-g++ -o conftest.exe -static -mnop-fun-dllimport -I/home/scudette/build/mingw//include/  -L/home/scudette/build/mingw//lib -static -static-libstdc++ conftest.cpp -lglog  >&5
configure:16044: $? = 0
configure:16044: result: yes
configure:16044: checking for setenv
configure:16044: i686-w64-mingw32-g++ -o conftest.exe -static -mnop-fun-dllimport -I/home/scudette/build/mingw//include/  -L/home/scudette/build/mingw//lib -static -static-libstdc++ conftest.cpp -lglog  >&5
/tmp/ccSqmfcj.o:conftest.cpp:(.text+0xc): undefined reference to `setenv'
collect2: error: ld returned 1 exit status
configure:16044: $? = 1
configure: failed program was:
| /* confdefs.h */
| #define PACKAGE_NAME "PMEM"
| #define PACKAGE_TARNAME "pmem"
| #define PACKAGE_VERSION "0.1"
| #define PACKAGE_STRING "PMEM 0.1"
| #define PACKAGE_BUGREPORT "rekall-discuss@googlegroups.com"
| #define PACKAGE_URL ""
| #define PACKAGE "pmem"
| #define VERSION "0.1"
| #define HAVE_LIBGLOG 1
| #define STDC_HEADERS 1
| #define HAVE_SYS_TYPES_H 1
| #define HAVE_SYS_STAT_H 1
| #define HAVE_STDLIB_H 1
| #define HAVE_STRING_H 1
| #define HAVE_MEMORY_H 1
| #define HAVE_STRINGS_H 1
| #define HAVE_INTTYPES_H 1
| #define HAVE_STDINT_H 1
| #define HAVE_UNISTD_H 1
| #define HAVE_FCNTL_H 1
| #define HAVE_STDLIB_H 1
| #define HAVE_STRING_H 1
| #define HAVE_UNISTD_H 1
| #define LT_OBJDIR ".libs/"
| #define HAVE_FTRUNCATE 1
| #define HAVE_MEMSET 1
| /* end confdefs.h.  */
| /* Define setenv to an innocuous variant, in case <limits.h> declares setenv.
|    For example, HP-UX 11i <limits.h> declares gettimeofday.  */
| #define setenv innocuous_setenv
| 
| /* System header to define __stub macros and hopefully few prototypes,
|     which can conflict with char setenv (); below.
|     Prefer <limits.h> to <assert.h> if __STDC__ is defined, since
|     <limits.h> exists even on freestanding compilers.  */
| 
| #ifdef __STDC__
| # include <limits.h>
| #else
| # include <assert.h>
| #endif
| 
| #undef setenv
| 
| /* Override any GCC internal prototype to avoid an error.
|    Use char because int might match the return type of a GCC
|    builtin and then its argument prototype would still apply.  */
| #ifdef __cplusplus
| extern "C"
| #endif
| char setenv ();
| /* The GNU C library defines this for functions which it implements
|     to always fail with ENOSYS.  Some functions are actually named
|     something starting with __ and the normal name is an alias.  */
| #if defined __stub_setenv || defined __stub___setenv
| choke me
| #endif
| 
| int
| main ()
| {
| return setenv ();
|   ;
|   return 0;
| }
configure:16044: result: no
configure:16170: checking that generated files are newer than configure
configure:16176: result: done
configure:16227: creating ./config.status

## ---------------------- ##
## Running config.status. ##
## ---------------------- ##

This file was extended by PMEM config.status 0.1, which was
generated by GNU Autoconf 2.69.  Invocation command line was

  CONFIG_FILES    = 
  CONFIG_HEADERS  = 
  CONFIG_LINKS    = 
  CONFIG_COMMANDS = 
  $ ./config.status 

on scudette-glaptop

config.status:1179: creating Makefile
config.status:1179: creating config.h
config.status:1408: executing depfiles commands
config.status:1408: executing libtool commands

## ---------------- ##
## Cache variables. ##
## ---------------- ##

ac_cv_build=x86_64-unknown-linux-gnu
ac_cv_c_compiler_gnu=yes
ac_cv_c_int32_t=yes
ac_cv_c_uint16_t=yes
ac_cv_c_uint32_t=yes
ac_cv_c_uint64_t=yes
ac_cv_cxx_compiler_gnu=yes
ac_cv_env_CCC_set=
ac_cv_env_CCC_value=
ac_cv_env_CC_set=
ac_cv_env_CC_value=
ac_cv_env_CFLAGS_set=
ac_cv_env_CFLAGS_value=
ac_cv_env_CPPFLAGS_set=
ac_cv_env_CPPFLAGS_value=
ac_cv_env_CXXCPP_set=
ac_cv_env_CXXCPP_value=
ac_cv_env_CXXFLAGS_set=set
ac_cv_env_CXXFLAGS_value='-static -mnop-fun-dllimport -I/home/scudette/build/mingw//include/'
ac_cv_env_CXX_set=
ac_cv_env_CXX_value=
ac_cv_env_LDFLAGS_set=set
ac_cv_env_LDFLAGS_value='-L/home/scudette/build/mingw//lib -static -static-libstdc++'
ac_cv_env_LIBS_set=
ac_cv_env_LIBS_value=
ac_cv_env_build_alias_set=
ac_cv_env_build_alias_value=
ac_cv_env_host_alias_set=set
ac_cv_env_host_alias_value=i686-w64-mingw32
ac_cv_env_target_alias_set=
ac_cv_env_target_alias_value=
ac_cv_exeext=.exe
ac_cv_func_ftruncate=yes
ac_cv_func_localtime_r=no
ac_cv_func_memset=yes
ac_cv_func_setenv=no
ac_cv_header_dlfcn_h=no
ac_cv_header_fcntl_h=yes
ac_cv_header_inttypes_h=yes
ac_cv_header_memory_h=yes
ac_cv_header_stdbool_h=yes
ac_cv_header_stdc=yes
ac_cv_header_stdint_h=yes
ac_cv_header_stdlib_h=yes
ac_cv_header_string_h=yes
ac_cv_header_strings_h=yes
ac_cv_header_sys_stat_h=yes
ac_cv_header_sys_types_h=yes
ac_cv_header_unistd_h=yes
ac_cv_host=i686-w64-mingw32
ac_cv_lib_glog_main=yes
ac_cv_objext=o
ac_cv_path_EGREP='/bin/grep -E'
ac_cv_path_FGREP='/bin/grep -F'
ac_cv_path_GREP=/bin/grep
ac_cv_path_SED=/bin/sed
ac_cv_path_install='/usr/bin/install -c'
ac_cv_path_mkdir=/bin/mkdir
ac_cv_prog_AR=i686-w64-mingw32-ar
ac_cv_prog_AWK=gawk
ac_cv_prog_CC=i686-w64-mingw32-gcc
ac_cv_prog_CXX=i686-w64-mingw32-g++
ac_cv_prog_CXXCPP='i686-w64-mingw32-g++ -E'
ac_cv_prog_DLLTOOL=i686-w64-mingw32-dlltool
ac_cv_prog_OBJDUMP=i686-w64-mingw32-objdump
ac_cv_prog_RANLIB=i686-w64-mingw32-ranlib
ac_cv_prog_STRIP=i686-w64-mingw32-strip
ac_cv_prog_ac_ct_MANIFEST_TOOL=mt
ac_cv_prog_cc_c89=
ac_cv_prog_cc_g=yes
ac_cv_prog_cxx_g=yes
ac_cv_prog_make_make_set=yes
ac_cv_type__Bool=no
ac_cv_type_off_t=yes
ac_cv_type_size_t=yes
ac_cv_type_ssize_t=yes
am_cv_CC_dependencies_compiler_type=gcc3
am_cv_CXX_dependencies_compiler_type=gcc3
am_cv_ar_interface=ar
am_cv_make_support_nested_variables=yes
am_cv_prog_cc_c_o=yes
gcc_cv_linux_host=no
gcc_cv_osx_host=no
lt_cv_ar_at_file=@
lt_cv_archive_cmds_need_lc=yes
lt_cv_deplibs_check_method='file_magic ^x86 archive import|^x86 DLL'
lt_cv_file_magic_cmd=func_win32_libid
lt_cv_file_magic_test_file=
lt_cv_ld_reload_flag=-r
lt_cv_nm_interface='BSD nm'
lt_cv_objdir=.libs
lt_cv_path_LD=/usr/bin/i686-w64-mingw32-ld
lt_cv_path_LDCXX=/usr/bin/i686-w64-mingw32-ld
lt_cv_path_NM='/usr/bin/i686-w64-mingw32-nm -B'
lt_cv_path_mainfest_tool=no
lt_cv_prog_compiler_c_o=yes
lt_cv_prog_compiler_c_o_CXX=yes
lt_cv_prog_compiler_pic='-DDLL_EXPORT -DPIC'
lt_cv_prog_compiler_pic_CXX='-DDLL_EXPORT -DPIC'
lt_cv_prog_compiler_pic_works=yes
lt_cv_prog_compiler_pic_works_CXX=yes
lt_cv_prog_compiler_rtti_exceptions=no
lt_cv_prog_compiler_static_works=yes
lt_cv_prog_compiler_static_works_CXX=yes
lt_cv_prog_gnu_ld=yes
lt_cv_prog_gnu_ldcxx=yes
lt_cv_sharedlib_from_linklib_cmd=func_cygming_dll_for_implib
lt_cv_sys_global_symbol_pipe='sed -n -e '\''s/^.*[	 ]\([ABCDGIRSTW][ABCDGIRSTW]*\)[	 ][	 ]*_\([_A-Za-z][_A-Za-z0-9]*\)$/\1 _\2 \2/p'\'' | sed '\''/ __gnu_lto/d'\'''
lt_cv_sys_global_symbol_to_c_name_address='sed -n -e '\''s/^: \([^ ]*\)[ ]*$/  {\"\1\", (void *) 0},/p'\'' -e '\''s/^[ABCDGIRSTW]* \([^ ]*\) \([^ ]*\)$/  {"\2", (void *) \&\2},/p'\'''
lt_cv_sys_global_symbol_to_c_name_address_lib_prefix='sed -n -e '\''s/^: \([^ ]*\)[ ]*$/  {\"\1\", (void *) 0},/p'\'' -e '\''s/^[ABCDGIRSTW]* \([^ ]*\) \(lib[^ ]*\)$/  {"\2", (void *) \&\2},/p'\'' -e '\''s/^[ABCDGIRSTW]* \([^ ]*\) \([^ ]*\)$/  {"lib\2", (void *) \&\2},/p'\'''
lt_cv_sys_global_symbol_to_cdecl='sed -n -e '\''s/^T .* \(.*\)$/extern int \1();/p'\'' -e '\''s/^[ABCDGIRSTW]* .* \(.*\)$/extern char \1;/p'\'''
lt_cv_sys_max_cmd_len=1572864
lt_cv_to_host_file_cmd=func_convert_file_nix_to_w32
lt_cv_to_tool_file_cmd=func_convert_file_noop
mingw_cv_win32_host=yes

## ----------------- ##
## Output variables. ##
## ----------------- ##

ACLOCAL='${SHELL} /home/scudette/rekall/tools/pmem/missing aclocal-1.14'
AMDEPBACKSLASH='\'
AMDEP_FALSE='#'
AMDEP_TRUE=''
AMTAR='$${TAR-tar}'
AM_BACKSLASH='\'
AM_DEFAULT_V='$(AM_DEFAULT_VERBOSITY)'
AM_DEFAULT_VERBOSITY='1'
AM_V='$(V)'
AR='i686-w64-mingw32-ar'
AUTOCONF='${SHELL} /home/scudette/rekall/tools/pmem/missing autoconf'
AUTOHEADER='${SHELL} /home/scudette/rekall/tools/pmem/missing autoheader'
AUTOMAKE='${SHELL} /home/scudette/rekall/tools/pmem/missing automake-1.14'
AWK='gawk'
CC='i686-w64-mingw32-gcc'
CCDEPMODE='depmode=gcc3'
CFLAGS='-g -O2'
CPPFLAGS=''
CXX='i686-w64-mingw32-g++'
CXXCPP='i686-w64-mingw32-g++ -E'
CXXDEPMODE='depmode=gcc3'
CXXFLAGS='-static -mnop-fun-dllimport -I/home/scudette/build/mingw//include/'
CYGPATH_W='echo'
DEFS='-DHAVE_CONFIG_H'
DEPDIR='.deps'
DLLTOOL='i686-w64-mingw32-dlltool'
DSYMUTIL=''
DUMPBIN=''
ECHO_C=''
ECHO_N='-n'
ECHO_T=''
EGREP='/bin/grep -E'
EXEEXT='.exe'
FGREP='/bin/grep -F'
GCC_FALSE='#'
GCC_TRUE=''
GREP='/bin/grep'
INSTALL_DATA='${INSTALL} -m 644'
INSTALL_PROGRAM='${INSTALL}'
INSTALL_SCRIPT='${INSTALL}'
INSTALL_STRIP_PROGRAM='$(install_sh) -c -s'
LD='/usr/bin/i686-w64-mingw32-ld'
LDFLAGS='-L/home/scudette/build/mingw//lib -static -static-libstdc++'
LIBOBJS=''
LIBS='-lglog '
LIBTOOL='$(SHELL) $(top_builddir)/libtool'
LIBTOOL_DEPS='./ltmain.sh'
LINUX_NATIVE_HOST_FALSE=''
LINUX_NATIVE_HOST_TRUE='#'
LIPO=''
LN_S='ln -s'
LTLIBOBJS=''
MAKEINFO='${SHELL} /home/scudette/rekall/tools/pmem/missing makeinfo'
MANIFEST_TOOL=':'
MKDIR_P='/bin/mkdir -p'
NM='/usr/bin/i686-w64-mingw32-nm -B'
NMEDIT=''
OBJDUMP='i686-w64-mingw32-objdump'
OBJEXT='o'
OSX_NATIVE_HOST_FALSE=''
OSX_NATIVE_HOST_TRUE='#'
OTOOL64=''
OTOOL=''
PACKAGE='pmem'
PACKAGE_BUGREPORT='rekall-discuss@googlegroups.com'
PACKAGE_NAME='PMEM'
PACKAGE_STRING='PMEM 0.1'
PACKAGE_TARNAME='pmem'
PACKAGE_URL=''
PACKAGE_VERSION='0.1'
PATH_SEPARATOR=':'
RANLIB='i686-w64-mingw32-ranlib'
SED='/bin/sed'
SET_MAKE=''
SHELL='/bin/sh'
SO_VERSION='0:0:0'
STATIC_BUILD_FALSE='#'
STATIC_BUILD_TRUE=''
STRIP='i686-w64-mingw32-strip'
VERSION='0.1'
WIN32_NATIVE_HOST_FALSE='#'
WIN32_NATIVE_HOST_TRUE=''
ac_ct_AR=''
ac_ct_CC=''
ac_ct_CXX=''
ac_ct_DUMPBIN=''
am__EXEEXT_FALSE='#'
am__EXEEXT_TRUE=''
am__fastdepCC_FALSE='#'
am__fastdepCC_TRUE=''
am__fastdepCXX_FALSE='#'
am__fastdepCXX_TRUE=''
am__include='include'
am__isrc=''
am__leading_dot='.'
am__nodep='_no'
am__quote=''
am__tar='$${TAR-tar} chof - "$$tardir"'
am__untar='$${TAR-tar} xf -'
bindir='${exec_prefix}/bin'
build='x86_64-unknown-linux-gnu'
build_alias=''
build_cpu='x86_64'
build_os='linux-gnu'
build_vendor='unknown'
datadir='${datarootdir}'
datarootdir='${prefix}/share'
docdir='${datarootdir}/doc/${PACKAGE_TARNAME}'
dvidir='${docdir}'
exec_prefix='${prefix}'
host='i686-w64-mingw32'
host_alias='i686-w64-mingw32'
host_cpu='i686'
host_os='mingw32'
host_vendor='w64'
htmldir='${docdir}'
includedir='${prefix}/include'
infodir='${datarootdir}/info'
install_sh='${SHELL} /home/scudette/rekall/tools/pmem/install-sh'
libdir='${exec_prefix}/lib'
libexecdir='${exec_prefix}/libexec'
localedir='${datarootdir}/locale'
localstatedir='${prefix}/var'
mandir='${datarootdir}/man'
mkdir_p='$(MKDIR_P)'
oldincludedir='/usr/include'
pdfdir='${docdir}'
prefix='/home/scudette/build/mingw'
program_transform_name='s,x,x,'
psdir='${docdir}'
sbindir='${exec_prefix}/sbin'
sharedstatedir='${prefix}/com'
sysconfdir='${prefix}/etc'
target_alias=''

## ----------- ##
## confdefs.h. ##
## ----------- ##

/* confdefs.h */
#define PACKAGE_NAME "PMEM"
#define PACKAGE_TARNAME "pmem"
#define PACKAGE_VERSION "0.1"
#define PACKAGE_STRING "PMEM 0.1"
#define PACKAGE_BUGREPORT "rekall-discuss@googlegroups.com"
#define PACKAGE_URL ""
#define PACKAGE "pmem"
#define VERSION "0.1"
#define HAVE_LIBGLOG 1
#define STDC_HEADERS 1
#define HAVE_SYS_TYPES_H 1
#define HAVE_SYS_STAT_H 1
#define HAVE_STDLIB_H 1
#define HAVE_STRING_H 1
#define HAVE_MEMORY_H 1
#define HAVE_STRINGS_H 1
#define HAVE_INTTYPES_H 1
#define HAVE_STDINT_H 1
#define HAVE_UNISTD_H 1
#define HAVE_FCNTL_H 1
#define HAVE_STDLIB_H 1
#define HAVE_STRING_H 1
#define HAVE_UNISTD_H 1
#define LT_OBJDIR ".libs/"
#define HAVE_FTRUNCATE 1
#define HAVE_MEMSET 1

configure: exit 0
