This file contains any messages produced by compilers while
running configure, to aid debugging if configure makes a mistake.

It was created by meme configure 4.6.0, which was
generated by GNU Autoconf 2.69.  Invocation command line was

  $ ./configure 

## --------- ##
## Platform. ##
## --------- ##

hostname = gimme
uname -m = x86_64
uname -r = 4.1.15-gentoo-r1
uname -s = Linux
uname -v = #1 SMP Thu Mar 3 17:13:51 CET 2016

/usr/bin/uname -p = Intel(R) Xeon(R) CPU E5520 @ 2.27GHz
/bin/uname -X     = unknown

/bin/arch              = unknown
/usr/bin/arch -k       = unknown
/usr/convex/getsysinfo = unknown
/usr/bin/hostinfo      = unknown
/bin/machine           = unknown
/usr/bin/oslevel       = unknown
/bin/universe          = unknown

PATH: /home/simon/.rvm/gems/ruby-2.1.2/bin
PATH: /home/simon/.rvm/gems/ruby-2.1.2@global/bin
PATH: /home/simon/.rvm/rubies/ruby-2.1.2/bin
PATH: /home/simon/anaconda2/bin
PATH: /usr/local/bin
PATH: /usr/bin
PATH: /bin
PATH: /opt/bin
PATH: /usr/x86_64-pc-linux-gnu/gcc-bin/4.8.4
PATH: /opt/ucsc-genome-browser/bin
PATH: /opt/sra
PATH: /home/simon/bin
PATH: /home/simon/.rvm/bin


## ----------- ##
## Core tests. ##
## ----------- ##

configure:2744: checking for a BSD-compatible install
configure:2812: result: /usr/bin/install -c
configure:2823: checking whether build environment is sane
configure:2860: result: yes
configure:2922: checking for gawk
configure:2938: found /usr/bin/gawk
configure:2949: result: gawk
configure:2960: checking whether make sets $(MAKE)
configure:2982: result: yes
configure:3155: checking how to create a pax tar archive
configure:3168: tar --version
tar (GNU tar) 1.27.1
Copyright (C) 2013 Free Software Foundation, Inc.
License GPLv3+: GNU GPL version 3 or later <http://gnu.org/licenses/gpl.html>.
This is free software: you are free to change and redistribute it.
There is NO WARRANTY, to the extent permitted by law.

Written by John Gilmore and Jay Fenlason.
configure:3171: $? = 0
configure:3211: tardir=conftest.dir && eval tar --format=posix -chf - "$tardir" >conftest.tar
configure:3214: $? = 0
configure:3218: tar -xf - <conftest.tar
configure:3221: $? = 0
configure:3234: result: gnutar
configure:3256: checking for style of include used by make
configure:3284: result: GNU
configure:3357: checking for gcc
configure:3373: found /usr/bin/gcc
configure:3384: result: gcc
configure:3613: checking for C compiler version
configure:3622: gcc --version >&5
gcc (Gentoo 4.8.4 p1.6, pie-0.6.1) 4.8.4
Copyright (C) 2013 Free Software Foundation, Inc.
This is free software; see the source for copying conditions.  There is NO
warranty; not even for MERCHANTABILITY or FITNESS FOR A PARTICULAR PURPOSE.

configure:3633: $? = 0
configure:3622: gcc -v >&5
Using built-in specs.
COLLECT_GCC=/usr/x86_64-pc-linux-gnu/gcc-bin/4.8.4/gcc
COLLECT_LTO_WRAPPER=/usr/libexec/gcc/x86_64-pc-linux-gnu/4.8.4/lto-wrapper
Target: x86_64-pc-linux-gnu
Configured with: /var/tmp/portage/sys-devel/gcc-4.8.4/work/gcc-4.8.4/configure --host=x86_64-pc-linux-gnu --build=x86_64-pc-linux-gnu --prefix=/usr --bindir=/usr/x86_64-pc-linux-gnu/gcc-bin/4.8.4 --includedir=/usr/lib/gcc/x86_64-pc-linux-gnu/4.8.4/include --datadir=/usr/share/gcc-data/x86_64-pc-linux-gnu/4.8.4 --mandir=/usr/share/gcc-data/x86_64-pc-linux-gnu/4.8.4/man --infodir=/usr/share/gcc-data/x86_64-pc-linux-gnu/4.8.4/info --with-gxx-include-dir=/usr/lib/gcc/x86_64-pc-linux-gnu/4.8.4/include/g++-v4 --with-python-dir=/share/gcc-data/x86_64-pc-linux-gnu/4.8.4/python --enable-languages=c,c++,fortran --enable-obsolete --enable-secureplt --disable-werror --with-system-zlib --enable-nls --without-included-gettext --enable-checking=release --with-bugurl=https://bugs.gentoo.org/ --with-pkgversion='Gentoo 4.8.4 p1.6, pie-0.6.1' --enable-libstdcxx-time --enable-shared --enable-threads=posix --enable-__cxa_atexit --enable-clocale=gnu --enable-multilib --with-multilib-list=m32,m64 --disable-altivec --disable-fixed-point --enable-targets=all --disable-libgcj --enable-libgomp --disable-libmudflap --disable-libssp --enable-lto --without-cloog --enable-libsanitizer
Thread model: posix
gcc version 4.8.4 (Gentoo 4.8.4 p1.6, pie-0.6.1) 
configure:3633: $? = 0
configure:3622: gcc -V >&5
gcc: error: unrecognized command line option '-V'
gcc: fatal error: no input files
compilation terminated.
configure:3633: $? = 1
configure:3622: gcc -qversion >&5
gcc: error: unrecognized command line option '-qversion'
gcc: fatal error: no input files
compilation terminated.
configure:3633: $? = 1
configure:3653: checking whether the C compiler works
configure:3675: gcc    conftest.c  >&5
configure:3679: $? = 0
configure:3727: result: yes
configure:3730: checking for C compiler default output file name
configure:3732: result: a.out
configure:3738: checking for suffix of executables
configure:3745: gcc -o conftest    conftest.c  >&5
configure:3749: $? = 0
configure:3771: result: 
configure:3793: checking whether we are cross compiling
configure:3801: gcc -o conftest    conftest.c  >&5
configure:3805: $? = 0
configure:3812: ./conftest
configure:3816: $? = 0
configure:3831: result: no
configure:3836: checking for suffix of object files
configure:3858: gcc -c   conftest.c >&5
configure:3862: $? = 0
configure:3883: result: o
configure:3887: checking whether we are using the GNU C compiler
configure:3906: gcc -c   conftest.c >&5
configure:3906: $? = 0
configure:3915: result: yes
configure:3924: checking whether gcc accepts -g
configure:3944: gcc -c -g  conftest.c >&5
configure:3944: $? = 0
configure:3985: result: yes
configure:4002: checking for gcc option to accept ISO C89
configure:4065: gcc  -c -g -O2  conftest.c >&5
configure:4065: $? = 0
configure:4078: result: none needed
configure:4100: checking dependency style of gcc
configure:4190: result: gcc3
configure:4208: checking whether gcc and cc understand -c and -o together
configure:4239: gcc -c conftest.c -o conftest2.o >&5
configure:4243: $? = 0
configure:4249: gcc -c conftest.c -o conftest2.o >&5
configure:4253: $? = 0
configure:4264: cc -c conftest.c >&5
configure:4268: $? = 0
configure:4276: cc -c conftest.c -o conftest2.o >&5
configure:4280: $? = 0
configure:4286: cc -c conftest.c -o conftest2.o >&5
configure:4290: $? = 0
configure:4308: result: yes
configure:4407: checking build system type
configure:4421: result: x86_64-unknown-linux-gnu
configure:4441: checking host system type
configure:4454: result: x86_64-unknown-linux-gnu
configure:4474: checking for a sed that does not truncate output
configure:4530: result: /bin/sed
configure:4533: checking for grep that handles long lines and -e
configure:4591: result: /bin/grep
configure:4596: checking for egrep
configure:4658: result: /bin/grep -E
configure:4674: checking for ld used by gcc
configure:4741: result: /usr/x86_64-pc-linux-gnu/bin/ld
configure:4748: checking if the linker (/usr/x86_64-pc-linux-gnu/bin/ld) is GNU ld
configure:4763: result: yes
configure:4768: checking for /usr/x86_64-pc-linux-gnu/bin/ld option to reload object files
configure:4775: result: -r
configure:4793: checking for BSD-compatible nm
configure:4842: result: /usr/bin/nm -B
configure:4846: checking whether ln -s works
configure:4850: result: yes
configure:4857: checking how to recognise dependent libraries
configure:5033: result: pass_all
configure:5121: gcc -c -g -O2  conftest.c >&5
configure:5124: $? = 0
configure:5242: checking how to run the C preprocessor
configure:5273: gcc -E  conftest.c
configure:5273: $? = 0
configure:5287: gcc -E  conftest.c
conftest.c:11:28: fatal error: ac_nonexistent.h: No such file or directory
 #include <ac_nonexistent.h>
                            ^
compilation terminated.
configure:5287: $? = 1
configure: failed program was:
| /* confdefs.h */
| #define PACKAGE_NAME "meme"
| #define PACKAGE_TARNAME "meme"
| #define PACKAGE_VERSION "4.6.0"
| #define PACKAGE_STRING "meme 4.6.0"
| #define PACKAGE_BUGREPORT ""
| #define PACKAGE_URL ""
| #define PACKAGE "meme"
| #define VERSION "4.6.0"
| /* end confdefs.h.  */
| #include <ac_nonexistent.h>
configure:5312: result: gcc -E
configure:5332: gcc -E  conftest.c
configure:5332: $? = 0
configure:5346: gcc -E  conftest.c
conftest.c:11:28: fatal error: ac_nonexistent.h: No such file or directory
 #include <ac_nonexistent.h>
                            ^
compilation terminated.
configure:5346: $? = 1
configure: failed program was:
| /* confdefs.h */
| #define PACKAGE_NAME "meme"
| #define PACKAGE_TARNAME "meme"
| #define PACKAGE_VERSION "4.6.0"
| #define PACKAGE_STRING "meme 4.6.0"
| #define PACKAGE_BUGREPORT ""
| #define PACKAGE_URL ""
| #define PACKAGE "meme"
| #define VERSION "4.6.0"
| /* end confdefs.h.  */
| #include <ac_nonexistent.h>
configure:5375: checking for ANSI C header files
configure:5395: gcc -c -g -O2  conftest.c >&5
configure:5395: $? = 0
configure:5468: gcc -o conftest -g -O2   conftest.c  >&5
configure:5468: $? = 0
configure:5468: ./conftest
configure:5468: $? = 0
configure:5479: result: yes
configure:5492: checking for sys/types.h
configure:5492: gcc -c -g -O2  conftest.c >&5
configure:5492: $? = 0
configure:5492: result: yes
configure:5492: checking for sys/stat.h
configure:5492: gcc -c -g -O2  conftest.c >&5
configure:5492: $? = 0
configure:5492: result: yes
configure:5492: checking for stdlib.h
configure:5492: gcc -c -g -O2  conftest.c >&5
configure:5492: $? = 0
configure:5492: result: yes
configure:5492: checking for string.h
configure:5492: gcc -c -g -O2  conftest.c >&5
configure:5492: $? = 0
configure:5492: result: yes
configure:5492: checking for memory.h
configure:5492: gcc -c -g -O2  conftest.c >&5
configure:5492: $? = 0
configure:5492: result: yes
configure:5492: checking for strings.h
configure:5492: gcc -c -g -O2  conftest.c >&5
configure:5492: $? = 0
configure:5492: result: yes
configure:5492: checking for inttypes.h
configure:5492: gcc -c -g -O2  conftest.c >&5
configure:5492: $? = 0
configure:5492: result: yes
configure:5492: checking for stdint.h
configure:5492: gcc -c -g -O2  conftest.c >&5
configure:5492: $? = 0
configure:5492: result: yes
configure:5492: checking for unistd.h
configure:5492: gcc -c -g -O2  conftest.c >&5
configure:5492: $? = 0
configure:5492: result: yes
configure:5506: checking dlfcn.h usability
configure:5506: gcc -c -g -O2  conftest.c >&5
configure:5506: $? = 0
configure:5506: result: yes
configure:5506: checking dlfcn.h presence
configure:5506: gcc -E  conftest.c
configure:5506: $? = 0
configure:5506: result: yes
configure:5506: checking for dlfcn.h
configure:5506: result: yes
configure:5574: checking for g++
configure:5590: found /usr/bin/g++
configure:5601: result: g++
configure:5628: checking for C++ compiler version
configure:5637: g++ --version >&5
g++ (Gentoo 4.8.4 p1.6, pie-0.6.1) 4.8.4
Copyright (C) 2013 Free Software Foundation, Inc.
This is free software; see the source for copying conditions.  There is NO
warranty; not even for MERCHANTABILITY or FITNESS FOR A PARTICULAR PURPOSE.

configure:5648: $? = 0
configure:5637: g++ -v >&5
Using built-in specs.
COLLECT_GCC=/usr/x86_64-pc-linux-gnu/gcc-bin/4.8.4/g++
COLLECT_LTO_WRAPPER=/usr/libexec/gcc/x86_64-pc-linux-gnu/4.8.4/lto-wrapper
Target: x86_64-pc-linux-gnu
Configured with: /var/tmp/portage/sys-devel/gcc-4.8.4/work/gcc-4.8.4/configure --host=x86_64-pc-linux-gnu --build=x86_64-pc-linux-gnu --prefix=/usr --bindir=/usr/x86_64-pc-linux-gnu/gcc-bin/4.8.4 --includedir=/usr/lib/gcc/x86_64-pc-linux-gnu/4.8.4/include --datadir=/usr/share/gcc-data/x86_64-pc-linux-gnu/4.8.4 --mandir=/usr/share/gcc-data/x86_64-pc-linux-gnu/4.8.4/man --infodir=/usr/share/gcc-data/x86_64-pc-linux-gnu/4.8.4/info --with-gxx-include-dir=/usr/lib/gcc/x86_64-pc-linux-gnu/4.8.4/include/g++-v4 --with-python-dir=/share/gcc-data/x86_64-pc-linux-gnu/4.8.4/python --enable-languages=c,c++,fortran --enable-obsolete --enable-secureplt --disable-werror --with-system-zlib --enable-nls --without-included-gettext --enable-checking=release --with-bugurl=https://bugs.gentoo.org/ --with-pkgversion='Gentoo 4.8.4 p1.6, pie-0.6.1' --enable-libstdcxx-time --enable-shared --enable-threads=posix --enable-__cxa_atexit --enable-clocale=gnu --enable-multilib --with-multilib-list=m32,m64 --disable-altivec --disable-fixed-point --enable-targets=all --disable-libgcj --enable-libgomp --disable-libmudflap --disable-libssp --enable-lto --without-cloog --enable-libsanitizer
Thread model: posix
gcc version 4.8.4 (Gentoo 4.8.4 p1.6, pie-0.6.1) 
configure:5648: $? = 0
configure:5637: g++ -V >&5
g++: error: unrecognized command line option '-V'
g++: fatal error: no input files
compilation terminated.
configure:5648: $? = 1
configure:5637: g++ -qversion >&5
g++: error: unrecognized command line option '-qversion'
g++: fatal error: no input files
compilation terminated.
configure:5648: $? = 1
configure:5652: checking whether we are using the GNU C++ compiler
configure:5671: g++ -c   conftest.cpp >&5
configure:5671: $? = 0
configure:5680: result: yes
configure:5689: checking whether g++ accepts -g
configure:5709: g++ -c -g  conftest.cpp >&5
configure:5709: $? = 0
configure:5750: result: yes
configure:5775: checking dependency style of g++
configure:5865: result: gcc3
configure:5892: checking how to run the C++ preprocessor
configure:5919: g++ -E  conftest.cpp
configure:5919: $? = 0
configure:5933: g++ -E  conftest.cpp
conftest.cpp:22:28: fatal error: ac_nonexistent.h: No such file or directory
 #include <ac_nonexistent.h>
                            ^
compilation terminated.
configure:5933: $? = 1
configure: failed program was:
| /* confdefs.h */
| #define PACKAGE_NAME "meme"
| #define PACKAGE_TARNAME "meme"
| #define PACKAGE_VERSION "4.6.0"
| #define PACKAGE_STRING "meme 4.6.0"
| #define PACKAGE_BUGREPORT ""
| #define PACKAGE_URL ""
| #define PACKAGE "meme"
| #define VERSION "4.6.0"
| #define STDC_HEADERS 1
| #define HAVE_SYS_TYPES_H 1
| #define HAVE_SYS_STAT_H 1
| #define HAVE_STDLIB_H 1
| #define HAVE_STRING_H 1
| #define HAVE_MEMORY_H 1
| #define HAVE_STRINGS_H 1
| #define HAVE_INTTYPES_H 1
| #define HAVE_STDINT_H 1
| #define HAVE_UNISTD_H 1
| #define HAVE_DLFCN_H 1
| /* end confdefs.h.  */
| #include <ac_nonexistent.h>
configure:5958: result: g++ -E
configure:5978: g++ -E  conftest.cpp
configure:5978: $? = 0
configure:5992: g++ -E  conftest.cpp
conftest.cpp:22:28: fatal error: ac_nonexistent.h: No such file or directory
 #include <ac_nonexistent.h>
                            ^
compilation terminated.
configure:5992: $? = 1
configure: failed program was:
| /* confdefs.h */
| #define PACKAGE_NAME "meme"
| #define PACKAGE_TARNAME "meme"
| #define PACKAGE_VERSION "4.6.0"
| #define PACKAGE_STRING "meme 4.6.0"
| #define PACKAGE_BUGREPORT ""
| #define PACKAGE_URL ""
| #define PACKAGE "meme"
| #define VERSION "4.6.0"
| #define STDC_HEADERS 1
| #define HAVE_SYS_TYPES_H 1
| #define HAVE_SYS_STAT_H 1
| #define HAVE_STDLIB_H 1
| #define HAVE_STRING_H 1
| #define HAVE_MEMORY_H 1
| #define HAVE_STRINGS_H 1
| #define HAVE_INTTYPES_H 1
| #define HAVE_STDINT_H 1
| #define HAVE_UNISTD_H 1
| #define HAVE_DLFCN_H 1
| /* end confdefs.h.  */
| #include <ac_nonexistent.h>
configure:6076: checking for g77
configure:6106: result: no
configure:6076: checking for xlf
configure:6106: result: no
configure:6076: checking for f77
configure:6106: result: no
configure:6076: checking for frt
configure:6106: result: no
configure:6076: checking for pgf77
configure:6106: result: no
configure:6076: checking for cf77
configure:6106: result: no
configure:6076: checking for fort77
configure:6106: result: no
configure:6076: checking for fl32
configure:6106: result: no
configure:6076: checking for af77
configure:6106: result: no
configure:6076: checking for xlf90
configure:6106: result: no
configure:6076: checking for f90
configure:6106: result: no
configure:6076: checking for pgf90
configure:6106: result: no
configure:6076: checking for pghpf
configure:6106: result: no
configure:6076: checking for epcf90
configure:6106: result: no
configure:6076: checking for gfortran
configure:6092: found /usr/bin/gfortran
configure:6103: result: gfortran
configure:6129: checking for Fortran 77 compiler version
configure:6138: gfortran --version >&5
GNU Fortran (Gentoo 4.8.4 p1.6, pie-0.6.1) 4.8.4
Copyright (C) 2013 Free Software Foundation, Inc.

GNU Fortran comes with NO WARRANTY, to the extent permitted by law.
You may redistribute copies of GNU Fortran
under the terms of the GNU General Public License.
For more information about these matters, see the file named COPYING

configure:6149: $? = 0
configure:6138: gfortran -v >&5
Using built-in specs.
COLLECT_GCC=/usr/x86_64-pc-linux-gnu/gcc-bin/4.8.4/gfortran
COLLECT_LTO_WRAPPER=/usr/libexec/gcc/x86_64-pc-linux-gnu/4.8.4/lto-wrapper
Target: x86_64-pc-linux-gnu
Configured with: /var/tmp/portage/sys-devel/gcc-4.8.4/work/gcc-4.8.4/configure --host=x86_64-pc-linux-gnu --build=x86_64-pc-linux-gnu --prefix=/usr --bindir=/usr/x86_64-pc-linux-gnu/gcc-bin/4.8.4 --includedir=/usr/lib/gcc/x86_64-pc-linux-gnu/4.8.4/include --datadir=/usr/share/gcc-data/x86_64-pc-linux-gnu/4.8.4 --mandir=/usr/share/gcc-data/x86_64-pc-linux-gnu/4.8.4/man --infodir=/usr/share/gcc-data/x86_64-pc-linux-gnu/4.8.4/info --with-gxx-include-dir=/usr/lib/gcc/x86_64-pc-linux-gnu/4.8.4/include/g++-v4 --with-python-dir=/share/gcc-data/x86_64-pc-linux-gnu/4.8.4/python --enable-languages=c,c++,fortran --enable-obsolete --enable-secureplt --disable-werror --with-system-zlib --enable-nls --without-included-gettext --enable-checking=release --with-bugurl=https://bugs.gentoo.org/ --with-pkgversion='Gentoo 4.8.4 p1.6, pie-0.6.1' --enable-libstdcxx-time --enable-shared --enable-threads=posix --enable-__cxa_atexit --enable-clocale=gnu --enable-multilib --with-multilib-list=m32,m64 --disable-altivec --disable-fixed-point --enable-targets=all --disable-libgcj --enable-libgomp --disable-libmudflap --disable-libssp --enable-lto --without-cloog --enable-libsanitizer
Thread model: posix
gcc version 4.8.4 (Gentoo 4.8.4 p1.6, pie-0.6.1) 
configure:6149: $? = 0
configure:6138: gfortran -V >&5
gfortran: error: unrecognized command line option '-V'
gfortran: fatal error: no input files
compilation terminated.
configure:6149: $? = 1
configure:6138: gfortran -qversion >&5
gfortran: error: unrecognized command line option '-qversion'
gfortran: fatal error: no input files
compilation terminated.
configure:6149: $? = 1
configure:6158: checking whether we are using the GNU Fortran 77 compiler
configure:6171: gfortran -c  conftest.F >&5
configure:6171: $? = 0
configure:6180: result: yes
configure:6186: checking whether gfortran accepts -g
configure:6197: gfortran -c -g conftest.f >&5
configure:6197: $? = 0
configure:6205: result: yes
configure:6239: checking the maximum length of command line arguments
configure:6348: result: 32768
configure:6359: checking command to parse /usr/bin/nm -B output from gcc object
configure:6464: gcc -c -g -O2  conftest.c >&5
configure:6467: $? = 0
configure:6471: /usr/bin/nm -B conftest.o \| sed -n -e 's/^.*[ 	]\([ABCDGIRSTW][ABCDGIRSTW]*\)[ 	][ 	]*\([_A-Za-z][_A-Za-z0-9]*\)$/\1 \2 \2/p' \> conftest.nm
configure:6474: $? = 0
configure:6526: gcc -o conftest -g -O2   conftest.c conftstm.o >&5
configure:6529: $? = 0
configure:6567: result: ok
configure:6571: checking for objdir
configure:6586: result: .libs
configure:6678: checking for ar
configure:6694: found /usr/bin/ar
configure:6705: result: ar
configure:6770: checking for ranlib
configure:6786: found /usr/bin/ranlib
configure:6797: result: ranlib
configure:6862: checking for strip
configure:6878: found /usr/bin/strip
configure:6889: result: strip
configure:7171: checking if gcc supports -fno-rtti -fno-exceptions
configure:7189: gcc -c -g -O2  -fno-rtti -fno-exceptions conftest.c >&5
cc1: warning: command line option '-fno-rtti' is valid for C++/ObjC++ but not for C [enabled by default]
configure:7193: $? = 0
configure:7206: result: no
configure:7221: checking for gcc option to produce PIC
configure:7431: result: -fPIC
configure:7439: checking if gcc PIC flag -fPIC works
configure:7457: gcc -c -g -O2  -fPIC -DPIC conftest.c >&5
configure:7461: $? = 0
configure:7474: result: yes
configure:7502: checking if gcc static flag -static works
configure:7530: result: yes
configure:7540: checking if gcc supports -c -o file.o
configure:7561: gcc -c -g -O2  -o out/conftest2.o conftest.c >&5
configure:7565: $? = 0
configure:7587: result: yes
configure:7613: checking whether the gcc linker (/usr/x86_64-pc-linux-gnu/bin/ld -m elf_x86_64) supports shared libraries
configure:8513: result: yes
configure:8534: checking whether -lc should be explicitly linked in
configure:8539: gcc -c -g -O2  conftest.c >&5
configure:8542: $? = 0
configure:8557: gcc -shared conftest.o  -v -Wl,-soname -Wl,conftest -o conftest 2\>\&1 \| grep  -lc  \>/dev/null 2\>\&1
configure:8560: $? = 0
configure:8572: result: no
configure:8580: checking dynamic linker characteristics
configure:8973: gcc -c -g -O2  conftest.c >&5
configure:8976: $? = 0
configure:9189: result: GNU/Linux ld.so
configure:9198: checking how to hardcode library paths into programs
configure:9223: result: immediate
configure:9237: checking whether stripping libraries is possible
configure:9242: result: yes
configure:9758: checking if libtool supports shared libraries
configure:9760: result: yes
configure:9763: checking whether to build shared libraries
configure:9784: result: yes
configure:9787: checking whether to build static libraries
configure:9791: result: yes
configure:9883: creating libtool
configure:10470: checking for ld used by g++
configure:10537: result: /usr/x86_64-pc-linux-gnu/bin/ld -m elf_x86_64
configure:10544: checking if the linker (/usr/x86_64-pc-linux-gnu/bin/ld -m elf_x86_64) is GNU ld
configure:10559: result: yes
configure:10610: checking whether the g++ linker (/usr/x86_64-pc-linux-gnu/bin/ld -m elf_x86_64) supports shared libraries
configure:11490: result: yes
configure:11508: g++ -c -g -O2  conftest.cpp >&5
configure:11511: $? = 0
configure:11630: checking for g++ option to produce PIC
configure:11904: result: -fPIC
configure:11912: checking if g++ PIC flag -fPIC works
configure:11930: g++ -c -g -O2  -fPIC -DPIC conftest.cpp >&5
configure:11934: $? = 0
configure:11947: result: yes
configure:11975: checking if g++ static flag -static works
configure:12003: result: yes
configure:12013: checking if g++ supports -c -o file.o
configure:12034: g++ -c -g -O2  -o out/conftest2.o conftest.cpp >&5
configure:12038: $? = 0
configure:12060: result: yes
configure:12086: checking whether the g++ linker (/usr/x86_64-pc-linux-gnu/bin/ld -m elf_x86_64) supports shared libraries
configure:12111: result: yes
configure:12178: checking dynamic linker characteristics
configure:12571: g++ -c -g -O2  conftest.cpp >&5
configure:12574: $? = 0
configure:12787: result: GNU/Linux ld.so
configure:12796: checking how to hardcode library paths into programs
configure:12821: result: immediate
configure:13350: checking if libtool supports shared libraries
configure:13352: result: yes
configure:13355: checking whether to build shared libraries
configure:13375: result: yes
configure:13378: checking whether to build static libraries
configure:13382: result: yes
configure:13392: checking for gfortran option to produce PIC
configure:13602: result: -fPIC
configure:13610: checking if gfortran PIC flag -fPIC works
configure:13628: gfortran -c -g -O2 -fPIC conftest.f >&5
configure:13632: $? = 0
configure:13645: result: yes
configure:13673: checking if gfortran static flag -static works
configure:13701: result: yes
configure:13711: checking if gfortran supports -c -o file.o
configure:13732: gfortran -c -g -O2 -o out/conftest2.o conftest.f >&5
configure:13736: $? = 0
configure:13758: result: yes
configure:13784: checking whether the gfortran linker (/usr/x86_64-pc-linux-gnu/bin/ld -m elf_x86_64) supports shared libraries
configure:14672: result: yes
configure:14739: checking dynamic linker characteristics
configure:15132: gfortran -c -g -O2 conftest.f >&5
Warning: conftest.f:1: Illegal preprocessor directive
configure:15135: $? = 0
configure:15348: result: GNU/Linux ld.so
configure:15357: checking how to hardcode library paths into programs
configure:15382: result: immediate
configure:18912: checking whether make sets $(MAKE)
configure:18934: result: yes
configure:18945: checking for ld
configure:18975: result: /usr/x86_64-pc-linux-gnu/bin/ld -m elf_x86_64
configure:18985: checking for sed
configure:19015: result: /bin/sed
configure:19025: checking for mpicc
configure:19058: result: no
configure:19065: checking for mail
configure:19098: result: no
configure:19105: checking for sendmail
configure:19124: found /usr/lib/sendmail
configure:19137: result: /usr/lib/sendmail
configure:19147: checking for perl
configure:19165: found /usr/bin/perl
configure:19177: result: /usr/bin/perl
configure:19187: checking for python
configure:19205: found /home/simon/anaconda2/bin/python
configure:19217: result: /home/simon/anaconda2/bin/python
configure:19227: checking for convert
configure:19245: found /usr/bin/convert
configure:19257: result: /usr/bin/convert
configure:19267: checking for gs
configure:19285: found /usr/bin/gs
configure:19297: result: /usr/bin/gs
configure:19307: checking for dot
configure:19325: found /usr/bin/dot
configure:19337: result: /usr/bin/dot
configure:19347: checking for xml2-config
configure:19365: found /home/simon/anaconda2/bin/xml2-config
configure:19377: result: /home/simon/anaconda2/bin/xml2-config
configure:19387: checking for xslt-config
configure:19405: found /home/simon/anaconda2/bin/xslt-config
configure:19417: result: /home/simon/anaconda2/bin/xslt-config
configure:19427: checking for ant
configure:19445: found /usr/bin/ant
configure:19457: result: /usr/bin/ant
configure:19473: checking for isnan, sqrt, log, exp, fabs, pow, floor, ceil in -lm
configure:19498: gcc -o conftest -g -O2   conftest.c -lm   >&5
conftest.c:30:6: warning: built-in function 'isnan' declared as non-function [enabled by default]
 char isnan, sqrt, log, exp, fabs, pow, floor, ceil ();
      ^
conftest.c:30:13: warning: built-in function 'sqrt' declared as non-function [enabled by default]
 char isnan, sqrt, log, exp, fabs, pow, floor, ceil ();
             ^
conftest.c:30:19: warning: built-in function 'log' declared as non-function [enabled by default]
 char isnan, sqrt, log, exp, fabs, pow, floor, ceil ();
                   ^
conftest.c:30:24: warning: built-in function 'exp' declared as non-function [enabled by default]
 char isnan, sqrt, log, exp, fabs, pow, floor, ceil ();
                        ^
conftest.c:30:29: warning: built-in function 'fabs' declared as non-function [enabled by default]
 char isnan, sqrt, log, exp, fabs, pow, floor, ceil ();
                             ^
conftest.c:30:35: warning: built-in function 'pow' declared as non-function [enabled by default]
 char isnan, sqrt, log, exp, fabs, pow, floor, ceil ();
                                   ^
conftest.c:30:40: warning: built-in function 'floor' declared as non-function [enabled by default]
 char isnan, sqrt, log, exp, fabs, pow, floor, ceil ();
                                        ^
conftest.c:30:47: warning: conflicting types for built-in function 'ceil' [enabled by default]
 char isnan, sqrt, log, exp, fabs, pow, floor, ceil ();
                                               ^
configure:19498: $? = 0
configure:19507: result: yes
configure:19523: checking for ANSI C header files
configure:19627: result: yes
configure:19635: checking for sys/wait.h that is POSIX.1 compatible
configure:19661: gcc -c -g -O2  conftest.c >&5
configure:19661: $? = 0
configure:19668: result: yes
configure:19679: checking arpa/inet.h usability
configure:19679: gcc -c -g -O2  conftest.c >&5
configure:19679: $? = 0
configure:19679: result: yes
configure:19679: checking arpa/inet.h presence
configure:19679: gcc -E  conftest.c
configure:19679: $? = 0
configure:19679: result: yes
configure:19679: checking for arpa/inet.h
configure:19679: result: yes
configure:19679: checking ctype.h usability
configure:19679: gcc -c -g -O2  conftest.c >&5
configure:19679: $? = 0
configure:19679: result: yes
configure:19679: checking ctype.h presence
configure:19679: gcc -E  conftest.c
configure:19679: $? = 0
configure:19679: result: yes
configure:19679: checking for ctype.h
configure:19679: result: yes
configure:19679: checking fcntl.h usability
configure:19679: gcc -c -g -O2  conftest.c >&5
configure:19679: $? = 0
configure:19679: result: yes
configure:19679: checking fcntl.h presence
configure:19679: gcc -E  conftest.c
configure:19679: $? = 0
configure:19679: result: yes
configure:19679: checking for fcntl.h
configure:19679: result: yes
configure:19679: checking limits.h usability
configure:19679: gcc -c -g -O2  conftest.c >&5
configure:19679: $? = 0
configure:19679: result: yes
configure:19679: checking limits.h presence
configure:19679: gcc -E  conftest.c
configure:19679: $? = 0
configure:19679: result: yes
configure:19679: checking for limits.h
configure:19679: result: yes
configure:19679: checking netdb.h usability
configure:19679: gcc -c -g -O2  conftest.c >&5
configure:19679: $? = 0
configure:19679: result: yes
configure:19679: checking netdb.h presence
configure:19679: gcc -E  conftest.c
configure:19679: $? = 0
configure:19679: result: yes
configure:19679: checking for netdb.h
configure:19679: result: yes
configure:19679: checking netinet/in.h usability
configure:19679: gcc -c -g -O2  conftest.c >&5
configure:19679: $? = 0
configure:19679: result: yes
configure:19679: checking netinet/in.h presence
configure:19679: gcc -E  conftest.c
configure:19679: $? = 0
configure:19679: result: yes
configure:19679: checking for netinet/in.h
configure:19679: result: yes
configure:19679: checking for stdlib.h
configure:19679: result: yes
configure:19679: checking for string.h
configure:19679: result: yes
configure:19679: checking for strings.h
configure:19679: result: yes
configure:19679: checking sys/socket.h usability
configure:19679: gcc -c -g -O2  conftest.c >&5
configure:19679: $? = 0
configure:19679: result: yes
configure:19679: checking sys/socket.h presence
configure:19679: gcc -E  conftest.c
configure:19679: $? = 0
configure:19679: result: yes
configure:19679: checking for sys/socket.h
configure:19679: result: yes
configure:19679: checking sys/time.h usability
configure:19679: gcc -c -g -O2  conftest.c >&5
configure:19679: $? = 0
configure:19679: result: yes
configure:19679: checking sys/time.h presence
configure:19679: gcc -E  conftest.c
configure:19679: $? = 0
configure:19679: result: yes
configure:19679: checking for sys/time.h
configure:19679: result: yes
configure:19679: checking for unistd.h
configure:19679: result: yes
configure:19691: checking for an ANSI C-conforming const
configure:19757: gcc -c -g -O2  conftest.c >&5
configure:19757: $? = 0
configure:19764: result: yes
configure:19772: checking for stdbool.h that conforms to C99
configure:19839: gcc -c -g -O2  conftest.c >&5
configure:19839: $? = 0
configure:19846: result: yes
configure:19848: checking for _Bool
configure:19848: gcc -c -g -O2  conftest.c >&5
configure:19848: $? = 0
configure:19848: gcc -c -g -O2  conftest.c >&5
conftest.c: In function 'main':
conftest.c:74:20: error: expected expression before ')' token
 if (sizeof ((_Bool)))
                    ^
configure:19848: $? = 1
configure: failed program was:
| /* confdefs.h */
| #define PACKAGE_NAME "meme"
| #define PACKAGE_TARNAME "meme"
| #define PACKAGE_VERSION "4.6.0"
| #define PACKAGE_STRING "meme 4.6.0"
| #define PACKAGE_BUGREPORT ""
| #define PACKAGE_URL ""
| #define PACKAGE "meme"
| #define VERSION "4.6.0"
| #define STDC_HEADERS 1
| #define HAVE_SYS_TYPES_H 1
| #define HAVE_SYS_STAT_H 1
| #define HAVE_STDLIB_H 1
| #define HAVE_STRING_H 1
| #define HAVE_MEMORY_H 1
| #define HAVE_STRINGS_H 1
| #define HAVE_INTTYPES_H 1
| #define HAVE_STDINT_H 1
| #define HAVE_UNISTD_H 1
| #define HAVE_DLFCN_H 1
| #define HOSTNAME "gimme"
| #define HAVE_LIBM 1
| #define STDC_HEADERS 1
| #define HAVE_SYS_WAIT_H 1
| #define HAVE_ARPA_INET_H 1
| #define HAVE_CTYPE_H 1
| #define HAVE_FCNTL_H 1
| #define HAVE_LIMITS_H 1
| #define HAVE_NETDB_H 1
| #define HAVE_NETINET_IN_H 1
| #define HAVE_STDLIB_H 1
| #define HAVE_STRING_H 1
| #define HAVE_STRINGS_H 1
| #define HAVE_SYS_SOCKET_H 1
| #define HAVE_SYS_TIME_H 1
| #define HAVE_UNISTD_H 1
| /* end confdefs.h.  */
| #include <stdio.h>
| #ifdef HAVE_SYS_TYPES_H
| # include <sys/types.h>
| #endif
| #ifdef HAVE_SYS_STAT_H
| # include <sys/stat.h>
| #endif
| #ifdef STDC_HEADERS
| # include <stdlib.h>
| # include <stddef.h>
| #else
| # ifdef HAVE_STDLIB_H
| #  include <stdlib.h>
| # endif
| #endif
| #ifdef HAVE_STRING_H
| # if !defined STDC_HEADERS && defined HAVE_MEMORY_H
| #  include <memory.h>
| # endif
| # include <string.h>
| #endif
| #ifdef HAVE_STRINGS_H
| # include <strings.h>
| #endif
| #ifdef HAVE_INTTYPES_H
| # include <inttypes.h>
| #endif
| #ifdef HAVE_STDINT_H
| # include <stdint.h>
| #endif
| #ifdef HAVE_UNISTD_H
| # include <unistd.h>
| #endif
| int
| main ()
| {
| if (sizeof ((_Bool)))
| 	    return 0;
|   ;
|   return 0;
| }
configure:19848: result: yes
configure:19865: checking for pid_t
configure:19865: gcc -c -g -O2  conftest.c >&5
configure:19865: $? = 0
configure:19865: gcc -c -g -O2  conftest.c >&5
conftest.c: In function 'main':
conftest.c:76:20: error: expected expression before ')' token
 if (sizeof ((pid_t)))
                    ^
configure:19865: $? = 1
configure: failed program was:
| /* confdefs.h */
| #define PACKAGE_NAME "meme"
| #define PACKAGE_TARNAME "meme"
| #define PACKAGE_VERSION "4.6.0"
| #define PACKAGE_STRING "meme 4.6.0"
| #define PACKAGE_BUGREPORT ""
| #define PACKAGE_URL ""
| #define PACKAGE "meme"
| #define VERSION "4.6.0"
| #define STDC_HEADERS 1
| #define HAVE_SYS_TYPES_H 1
| #define HAVE_SYS_STAT_H 1
| #define HAVE_STDLIB_H 1
| #define HAVE_STRING_H 1
| #define HAVE_MEMORY_H 1
| #define HAVE_STRINGS_H 1
| #define HAVE_INTTYPES_H 1
| #define HAVE_STDINT_H 1
| #define HAVE_UNISTD_H 1
| #define HAVE_DLFCN_H 1
| #define HOSTNAME "gimme"
| #define HAVE_LIBM 1
| #define STDC_HEADERS 1
| #define HAVE_SYS_WAIT_H 1
| #define HAVE_ARPA_INET_H 1
| #define HAVE_CTYPE_H 1
| #define HAVE_FCNTL_H 1
| #define HAVE_LIMITS_H 1
| #define HAVE_NETDB_H 1
| #define HAVE_NETINET_IN_H 1
| #define HAVE_STDLIB_H 1
| #define HAVE_STRING_H 1
| #define HAVE_STRINGS_H 1
| #define HAVE_SYS_SOCKET_H 1
| #define HAVE_SYS_TIME_H 1
| #define HAVE_UNISTD_H 1
| #define HAVE__BOOL 1
| #define HAVE_STDBOOL_H 1
| /* end confdefs.h.  */
| #include <stdio.h>
| #ifdef HAVE_SYS_TYPES_H
| # include <sys/types.h>
| #endif
| #ifdef HAVE_SYS_STAT_H
| # include <sys/stat.h>
| #endif
| #ifdef STDC_HEADERS
| # include <stdlib.h>
| # include <stddef.h>
| #else
| # ifdef HAVE_STDLIB_H
| #  include <stdlib.h>
| # endif
| #endif
| #ifdef HAVE_STRING_H
| # if !defined STDC_HEADERS && defined HAVE_MEMORY_H
| #  include <memory.h>
| # endif
| # include <string.h>
| #endif
| #ifdef HAVE_STRINGS_H
| # include <strings.h>
| #endif
| #ifdef HAVE_INTTYPES_H
| # include <inttypes.h>
| #endif
| #ifdef HAVE_STDINT_H
| # include <stdint.h>
| #endif
| #ifdef HAVE_UNISTD_H
| # include <unistd.h>
| #endif
| int
| main ()
| {
| if (sizeof ((pid_t)))
| 	    return 0;
|   ;
|   return 0;
| }
configure:19865: result: yes
configure:19876: checking for size_t
configure:19876: gcc -c -g -O2  conftest.c >&5
configure:19876: $? = 0
configure:19876: gcc -c -g -O2  conftest.c >&5
conftest.c: In function 'main':
conftest.c:76:21: error: expected expression before ')' token
 if (sizeof ((size_t)))
                     ^
configure:19876: $? = 1
configure: failed program was:
| /* confdefs.h */
| #define PACKAGE_NAME "meme"
| #define PACKAGE_TARNAME "meme"
| #define PACKAGE_VERSION "4.6.0"
| #define PACKAGE_STRING "meme 4.6.0"
| #define PACKAGE_BUGREPORT ""
| #define PACKAGE_URL ""
| #define PACKAGE "meme"
| #define VERSION "4.6.0"
| #define STDC_HEADERS 1
| #define HAVE_SYS_TYPES_H 1
| #define HAVE_SYS_STAT_H 1
| #define HAVE_STDLIB_H 1
| #define HAVE_STRING_H 1
| #define HAVE_MEMORY_H 1
| #define HAVE_STRINGS_H 1
| #define HAVE_INTTYPES_H 1
| #define HAVE_STDINT_H 1
| #define HAVE_UNISTD_H 1
| #define HAVE_DLFCN_H 1
| #define HOSTNAME "gimme"
| #define HAVE_LIBM 1
| #define STDC_HEADERS 1
| #define HAVE_SYS_WAIT_H 1
| #define HAVE_ARPA_INET_H 1
| #define HAVE_CTYPE_H 1
| #define HAVE_FCNTL_H 1
| #define HAVE_LIMITS_H 1
| #define HAVE_NETDB_H 1
| #define HAVE_NETINET_IN_H 1
| #define HAVE_STDLIB_H 1
| #define HAVE_STRING_H 1
| #define HAVE_STRINGS_H 1
| #define HAVE_SYS_SOCKET_H 1
| #define HAVE_SYS_TIME_H 1
| #define HAVE_UNISTD_H 1
| #define HAVE__BOOL 1
| #define HAVE_STDBOOL_H 1
| /* end confdefs.h.  */
| #include <stdio.h>
| #ifdef HAVE_SYS_TYPES_H
| # include <sys/types.h>
| #endif
| #ifdef HAVE_SYS_STAT_H
| # include <sys/stat.h>
| #endif
| #ifdef STDC_HEADERS
| # include <stdlib.h>
| # include <stddef.h>
| #else
| # ifdef HAVE_STDLIB_H
| #  include <stdlib.h>
| # endif
| #endif
| #ifdef HAVE_STRING_H
| # if !defined STDC_HEADERS && defined HAVE_MEMORY_H
| #  include <memory.h>
| # endif
| # include <string.h>
| #endif
| #ifdef HAVE_STRINGS_H
| # include <strings.h>
| #endif
| #ifdef HAVE_INTTYPES_H
| # include <inttypes.h>
| #endif
| #ifdef HAVE_STDINT_H
| # include <stdint.h>
| #endif
| #ifdef HAVE_UNISTD_H
| # include <unistd.h>
| #endif
| int
| main ()
| {
| if (sizeof ((size_t)))
| 	    return 0;
|   ;
|   return 0;
| }
configure:19876: result: yes
configure:19891: checking vfork.h usability
configure:19891: gcc -c -g -O2  conftest.c >&5
conftest.c:73:19: fatal error: vfork.h: No such file or directory
 #include <vfork.h>
                   ^
compilation terminated.
configure:19891: $? = 1
configure: failed program was:
| /* confdefs.h */
| #define PACKAGE_NAME "meme"
| #define PACKAGE_TARNAME "meme"
| #define PACKAGE_VERSION "4.6.0"
| #define PACKAGE_STRING "meme 4.6.0"
| #define PACKAGE_BUGREPORT ""
| #define PACKAGE_URL ""
| #define PACKAGE "meme"
| #define VERSION "4.6.0"
| #define STDC_HEADERS 1
| #define HAVE_SYS_TYPES_H 1
| #define HAVE_SYS_STAT_H 1
| #define HAVE_STDLIB_H 1
| #define HAVE_STRING_H 1
| #define HAVE_MEMORY_H 1
| #define HAVE_STRINGS_H 1
| #define HAVE_INTTYPES_H 1
| #define HAVE_STDINT_H 1
| #define HAVE_UNISTD_H 1
| #define HAVE_DLFCN_H 1
| #define HOSTNAME "gimme"
| #define HAVE_LIBM 1
| #define STDC_HEADERS 1
| #define HAVE_SYS_WAIT_H 1
| #define HAVE_ARPA_INET_H 1
| #define HAVE_CTYPE_H 1
| #define HAVE_FCNTL_H 1
| #define HAVE_LIMITS_H 1
| #define HAVE_NETDB_H 1
| #define HAVE_NETINET_IN_H 1
| #define HAVE_STDLIB_H 1
| #define HAVE_STRING_H 1
| #define HAVE_STRINGS_H 1
| #define HAVE_SYS_SOCKET_H 1
| #define HAVE_SYS_TIME_H 1
| #define HAVE_UNISTD_H 1
| #define HAVE__BOOL 1
| #define HAVE_STDBOOL_H 1
| /* end confdefs.h.  */
| #include <stdio.h>
| #ifdef HAVE_SYS_TYPES_H
| # include <sys/types.h>
| #endif
| #ifdef HAVE_SYS_STAT_H
| # include <sys/stat.h>
| #endif
| #ifdef STDC_HEADERS
| # include <stdlib.h>
| # include <stddef.h>
| #else
| # ifdef HAVE_STDLIB_H
| #  include <stdlib.h>
| # endif
| #endif
| #ifdef HAVE_STRING_H
| # if !defined STDC_HEADERS && defined HAVE_MEMORY_H
| #  include <memory.h>
| # endif
| # include <string.h>
| #endif
| #ifdef HAVE_STRINGS_H
| # include <strings.h>
| #endif
| #ifdef HAVE_INTTYPES_H
| # include <inttypes.h>
| #endif
| #ifdef HAVE_STDINT_H
| # include <stdint.h>
| #endif
| #ifdef HAVE_UNISTD_H
| # include <unistd.h>
| #endif
| #include <vfork.h>
configure:19891: result: no
configure:19891: checking vfork.h presence
configure:19891: gcc -E  conftest.c
conftest.c:40:19: fatal error: vfork.h: No such file or directory
 #include <vfork.h>
                   ^
compilation terminated.
configure:19891: $? = 1
configure: failed program was:
| /* confdefs.h */
| #define PACKAGE_NAME "meme"
| #define PACKAGE_TARNAME "meme"
| #define PACKAGE_VERSION "4.6.0"
| #define PACKAGE_STRING "meme 4.6.0"
| #define PACKAGE_BUGREPORT ""
| #define PACKAGE_URL ""
| #define PACKAGE "meme"
| #define VERSION "4.6.0"
| #define STDC_HEADERS 1
| #define HAVE_SYS_TYPES_H 1
| #define HAVE_SYS_STAT_H 1
| #define HAVE_STDLIB_H 1
| #define HAVE_STRING_H 1
| #define HAVE_MEMORY_H 1
| #define HAVE_STRINGS_H 1
| #define HAVE_INTTYPES_H 1
| #define HAVE_STDINT_H 1
| #define HAVE_UNISTD_H 1
| #define HAVE_DLFCN_H 1
| #define HOSTNAME "gimme"
| #define HAVE_LIBM 1
| #define STDC_HEADERS 1
| #define HAVE_SYS_WAIT_H 1
| #define HAVE_ARPA_INET_H 1
| #define HAVE_CTYPE_H 1
| #define HAVE_FCNTL_H 1
| #define HAVE_LIMITS_H 1
| #define HAVE_NETDB_H 1
| #define HAVE_NETINET_IN_H 1
| #define HAVE_STDLIB_H 1
| #define HAVE_STRING_H 1
| #define HAVE_STRINGS_H 1
| #define HAVE_SYS_SOCKET_H 1
| #define HAVE_SYS_TIME_H 1
| #define HAVE_UNISTD_H 1
| #define HAVE__BOOL 1
| #define HAVE_STDBOOL_H 1
| /* end confdefs.h.  */
| #include <vfork.h>
configure:19891: result: no
configure:19891: checking for vfork.h
configure:19891: result: no
configure:19904: checking for fork
configure:19904: gcc -o conftest -g -O2   conftest.c -lm  >&5
conftest.c:63:6: warning: conflicting types for built-in function 'fork' [enabled by default]
 char fork ();
      ^
configure:19904: $? = 0
configure:19904: result: yes
configure:19904: checking for vfork
configure:19904: gcc -o conftest -g -O2   conftest.c -lm  >&5
configure:19904: $? = 0
configure:19904: result: yes
configure:19914: checking for working fork
configure:19936: gcc -o conftest -g -O2   conftest.c -lm  >&5
configure:19936: $? = 0
configure:19936: ./conftest
configure:19936: $? = 0
configure:19946: result: yes
configure:19967: checking for working vfork
configure:20077: result: yes
configure:20104: checking for stdlib.h
configure:20104: result: yes
configure:20114: checking for GNU libc compatible malloc
configure:20138: gcc -o conftest -g -O2   conftest.c -lm  >&5
configure:20138: $? = 0
configure:20138: ./conftest
configure:20138: $? = 0
configure:20148: result: yes
configure:20171: checking for stdlib.h
configure:20171: result: yes
configure:20181: checking for GNU libc compatible realloc
configure:20205: gcc -o conftest -g -O2   conftest.c -lm  >&5
configure:20205: $? = 0
configure:20205: ./conftest
configure:20205: $? = 0
configure:20215: result: yes
configure:20236: checking return type of signal handlers
configure:20254: gcc -c -g -O2  conftest.c >&5
conftest.c: In function 'main':
conftest.c:54:1: error: void value not ignored as it ought to be
 return *(signal (0, 0)) (0) == 1;
 ^
configure:20254: $? = 1
configure: failed program was:
| /* confdefs.h */
| #define PACKAGE_NAME "meme"
| #define PACKAGE_TARNAME "meme"
| #define PACKAGE_VERSION "4.6.0"
| #define PACKAGE_STRING "meme 4.6.0"
| #define PACKAGE_BUGREPORT ""
| #define PACKAGE_URL ""
| #define PACKAGE "meme"
| #define VERSION "4.6.0"
| #define STDC_HEADERS 1
| #define HAVE_SYS_TYPES_H 1
| #define HAVE_SYS_STAT_H 1
| #define HAVE_STDLIB_H 1
| #define HAVE_STRING_H 1
| #define HAVE_MEMORY_H 1
| #define HAVE_STRINGS_H 1
| #define HAVE_INTTYPES_H 1
| #define HAVE_STDINT_H 1
| #define HAVE_UNISTD_H 1
| #define HAVE_DLFCN_H 1
| #define HOSTNAME "gimme"
| #define HAVE_LIBM 1
| #define STDC_HEADERS 1
| #define HAVE_SYS_WAIT_H 1
| #define HAVE_ARPA_INET_H 1
| #define HAVE_CTYPE_H 1
| #define HAVE_FCNTL_H 1
| #define HAVE_LIMITS_H 1
| #define HAVE_NETDB_H 1
| #define HAVE_NETINET_IN_H 1
| #define HAVE_STDLIB_H 1
| #define HAVE_STRING_H 1
| #define HAVE_STRINGS_H 1
| #define HAVE_SYS_SOCKET_H 1
| #define HAVE_SYS_TIME_H 1
| #define HAVE_UNISTD_H 1
| #define HAVE__BOOL 1
| #define HAVE_STDBOOL_H 1
| #define HAVE_FORK 1
| #define HAVE_VFORK 1
| #define HAVE_WORKING_VFORK 1
| #define HAVE_WORKING_FORK 1
| #define HAVE_STDLIB_H 1
| #define HAVE_MALLOC 1
| #define HAVE_STDLIB_H 1
| #define HAVE_REALLOC 1
| /* end confdefs.h.  */
| #include <sys/types.h>
| #include <signal.h>
| 
| int
| main ()
| {
| return *(signal (0, 0)) (0) == 1;
|   ;
|   return 0;
| }
configure:20261: result: void
configure:20269: checking whether lstat correctly handles trailing slash
configure:20295: gcc -o conftest -g -O2   conftest.c -lm  >&5
configure:20295: $? = 0
configure:20295: ./conftest
configure:20295: $? = 0
configure:20312: result: yes
configure:20331: checking whether stat accepts an empty string
configure:20351: gcc -o conftest -g -O2   conftest.c -lm  >&5
configure:20351: $? = 0
configure:20351: ./conftest
configure:20351: $? = 0
configure:20361: result: no
configure:20380: checking for floor
configure:20380: gcc -o conftest -g -O2   conftest.c -lm  >&5
conftest.c:73:6: warning: conflicting types for built-in function 'floor' [enabled by default]
 char floor ();
      ^
configure:20380: $? = 0
configure:20380: result: yes
configure:20380: checking for getcwd
configure:20380: gcc -o conftest -g -O2   conftest.c -lm  >&5
configure:20380: $? = 0
configure:20380: result: yes
configure:20380: checking for gethostbyname
configure:20380: gcc -o conftest -g -O2   conftest.c -lm  >&5
configure:20380: $? = 0
configure:20380: result: yes
configure:20380: checking for isascii
configure:20380: gcc -o conftest -g -O2   conftest.c -lm  >&5
conftest.c:76:6: warning: conflicting types for built-in function 'isascii' [enabled by default]
 char isascii ();
      ^
configure:20380: $? = 0
configure:20380: result: yes
configure:20380: checking for memset
configure:20380: gcc -o conftest -g -O2   conftest.c -lm  >&5
conftest.c:77:6: warning: conflicting types for built-in function 'memset' [enabled by default]
 char memset ();
      ^
configure:20380: $? = 0
configure:20380: result: yes
configure:20380: checking for pow
configure:20380: gcc -o conftest -g -O2   conftest.c -lm  >&5
conftest.c:78:6: warning: conflicting types for built-in function 'pow' [enabled by default]
 char pow ();
      ^
configure:20380: $? = 0
configure:20380: result: yes
configure:20380: checking for rint
configure:20380: gcc -o conftest -g -O2   conftest.c -lm  >&5
conftest.c:79:6: warning: conflicting types for built-in function 'rint' [enabled by default]
 char rint ();
      ^
configure:20380: $? = 0
configure:20380: result: yes
configure:20380: checking for socket
configure:20380: gcc -o conftest -g -O2   conftest.c -lm  >&5
configure:20380: $? = 0
configure:20380: result: yes
configure:20380: checking for sqrt
configure:20380: gcc -o conftest -g -O2   conftest.c -lm  >&5
conftest.c:81:6: warning: conflicting types for built-in function 'sqrt' [enabled by default]
 char sqrt ();
      ^
configure:20380: $? = 0
configure:20380: result: yes
configure:20380: checking for strchr
configure:20380: gcc -o conftest -g -O2   conftest.c -lm  >&5
conftest.c:82:6: warning: conflicting types for built-in function 'strchr' [enabled by default]
 char strchr ();
      ^
configure:20380: $? = 0
configure:20380: result: yes
configure:20380: checking for strcspn
configure:20380: gcc -o conftest -g -O2   conftest.c -lm  >&5
conftest.c:83:6: warning: conflicting types for built-in function 'strcspn' [enabled by default]
 char strcspn ();
      ^
configure:20380: $? = 0
configure:20380: result: yes
configure:20380: checking for strdup
configure:20380: gcc -o conftest -g -O2   conftest.c -lm  >&5
conftest.c:84:6: warning: conflicting types for built-in function 'strdup' [enabled by default]
 char strdup ();
      ^
configure:20380: $? = 0
configure:20380: result: yes
configure:20380: checking for strspn
configure:20380: gcc -o conftest -g -O2   conftest.c -lm  >&5
conftest.c:85:6: warning: conflicting types for built-in function 'strspn' [enabled by default]
 char strspn ();
      ^
configure:20380: $? = 0
configure:20380: result: yes
configure:20380: checking for strstr
configure:20380: gcc -o conftest -g -O2   conftest.c -lm  >&5
conftest.c:86:6: warning: conflicting types for built-in function 'strstr' [enabled by default]
 char strstr ();
      ^
configure:20380: $? = 0
configure:20380: result: yes
configure:20391: checking for strlcpy
configure:20391: gcc -o conftest -g -O2   conftest.c -lm  >&5
/tmp/ccNUDxSL.o: In function `main':
/home/simon/git/gimmemotifs/src/meme_4.6.0/conftest.c:98: undefined reference to `strlcpy'
collect2: error: ld returned 1 exit status
configure:20391: $? = 1
configure: failed program was:
| /* confdefs.h */
| #define PACKAGE_NAME "meme"
| #define PACKAGE_TARNAME "meme"
| #define PACKAGE_VERSION "4.6.0"
| #define PACKAGE_STRING "meme 4.6.0"
| #define PACKAGE_BUGREPORT ""
| #define PACKAGE_URL ""
| #define PACKAGE "meme"
| #define VERSION "4.6.0"
| #define STDC_HEADERS 1
| #define HAVE_SYS_TYPES_H 1
| #define HAVE_SYS_STAT_H 1
| #define HAVE_STDLIB_H 1
| #define HAVE_STRING_H 1
| #define HAVE_MEMORY_H 1
| #define HAVE_STRINGS_H 1
| #define HAVE_INTTYPES_H 1
| #define HAVE_STDINT_H 1
| #define HAVE_UNISTD_H 1
| #define HAVE_DLFCN_H 1
| #define HOSTNAME "gimme"
| #define HAVE_LIBM 1
| #define STDC_HEADERS 1
| #define HAVE_SYS_WAIT_H 1
| #define HAVE_ARPA_INET_H 1
| #define HAVE_CTYPE_H 1
| #define HAVE_FCNTL_H 1
| #define HAVE_LIMITS_H 1
| #define HAVE_NETDB_H 1
| #define HAVE_NETINET_IN_H 1
| #define HAVE_STDLIB_H 1
| #define HAVE_STRING_H 1
| #define HAVE_STRINGS_H 1
| #define HAVE_SYS_SOCKET_H 1
| #define HAVE_SYS_TIME_H 1
| #define HAVE_UNISTD_H 1
| #define HAVE__BOOL 1
| #define HAVE_STDBOOL_H 1
| #define HAVE_FORK 1
| #define HAVE_VFORK 1
| #define HAVE_WORKING_VFORK 1
| #define HAVE_WORKING_FORK 1
| #define HAVE_STDLIB_H 1
| #define HAVE_MALLOC 1
| #define HAVE_STDLIB_H 1
| #define HAVE_REALLOC 1
| #define RETSIGTYPE void
| #define LSTAT_FOLLOWS_SLASHED_SYMLINK 1
| #define HAVE_FLOOR 1
| #define HAVE_GETCWD 1
| #define HAVE_GETHOSTBYNAME 1
| #define HAVE_ISASCII 1
| #define HAVE_MEMSET 1
| #define HAVE_POW 1
| #define HAVE_RINT 1
| #define HAVE_SOCKET 1
| #define HAVE_SQRT 1
| #define HAVE_STRCHR 1
| #define HAVE_STRCSPN 1
| #define HAVE_STRDUP 1
| #define HAVE_STRSPN 1
| #define HAVE_STRSTR 1
| /* end confdefs.h.  */
| /* Define strlcpy to an innocuous variant, in case <limits.h> declares strlcpy.
|    For example, HP-UX 11i <limits.h> declares gettimeofday.  */
| #define strlcpy innocuous_strlcpy
| 
| /* System header to define __stub macros and hopefully few prototypes,
|     which can conflict with char strlcpy (); below.
|     Prefer <limits.h> to <assert.h> if __STDC__ is defined, since
|     <limits.h> exists even on freestanding compilers.  */
| 
| #ifdef __STDC__
| # include <limits.h>
| #else
| # include <assert.h>
| #endif
| 
| #undef strlcpy
| 
| /* Override any GCC internal prototype to avoid an error.
|    Use char because int might match the return type of a GCC
|    builtin and then its argument prototype would still apply.  */
| #ifdef __cplusplus
| extern "C"
| #endif
| char strlcpy ();
| /* The GNU C library defines this for functions which it implements
|     to always fail with ENOSYS.  Some functions are actually named
|     something starting with __ and the normal name is an alias.  */
| #if defined __stub_strlcpy || defined __stub___strlcpy
| choke me
| #endif
| 
| int
| main ()
| {
| return strlcpy ();
|   ;
|   return 0;
| }
configure:20391: result: no
configure:20814: checking whether to enable OpenMP multithreading support
configure:20828: result: no
configure:21001: checking for perl
configure:21031: result: /usr/bin/perl
configure:21055: checking for python
configure:21085: result: /home/simon/anaconda2/bin/python
configure:21109: checking for convert
configure:21139: result: /usr/bin/convert
configure:21164: checking for gs
configure:21194: result: /usr/bin/gs
configure:21218: checking for dot
configure:21248: result: /usr/bin/dot
configure:21484: creating ./config.status

## ---------------------- ##
## Running config.status. ##
## ---------------------- ##

This file was extended by meme config.status 4.6.0, which was
generated by GNU Autoconf 2.69.  Invocation command line was

  CONFIG_FILES    = 
  CONFIG_HEADERS  = 
  CONFIG_LINKS    = 
  CONFIG_COMMANDS = 
  $ ./config.status 

on gimme

config.status:1017: creating Makefile
config.status:1120: WARNING:  'Makefile.in' seems to ignore the --datarootdir setting
config.status:1017: creating doc/Makefile
config.status:1120: WARNING:  'doc/Makefile.in' seems to ignore the --datarootdir setting
config.status:1017: creating doc/examples/Makefile
config.status:1120: WARNING:  'doc/examples/Makefile.in' seems to ignore the --datarootdir setting
config.status:1017: creating doc/examples/compute_prior_dist_example_output_files/Makefile
config.status:1120: WARNING:  'doc/examples/compute_prior_dist_example_output_files/Makefile.in' seems to ignore the --datarootdir setting
config.status:1017: creating doc/examples/fimo_example_output_files/Makefile
config.status:1120: WARNING:  'doc/examples/fimo_example_output_files/Makefile.in' seems to ignore the --datarootdir setting
config.status:1017: creating doc/examples/glam2_example_output_files/Makefile
config.status:1120: WARNING:  'doc/examples/glam2_example_output_files/Makefile.in' seems to ignore the --datarootdir setting
config.status:1017: creating doc/examples/glam2scan_example_output_files/Makefile
config.status:1120: WARNING:  'doc/examples/glam2scan_example_output_files/Makefile.in' seems to ignore the --datarootdir setting
config.status:1017: creating doc/examples/mast_example_output_files/Makefile
config.status:1120: WARNING:  'doc/examples/mast_example_output_files/Makefile.in' seems to ignore the --datarootdir setting
config.status:1017: creating doc/examples/mcast_example_output_files/Makefile
config.status:1120: WARNING:  'doc/examples/mcast_example_output_files/Makefile.in' seems to ignore the --datarootdir setting
config.status:1017: creating doc/examples/meme_example_output_files/Makefile
config.status:1120: WARNING:  'doc/examples/meme_example_output_files/Makefile.in' seems to ignore the --datarootdir setting
config.status:1017: creating doc/examples/sample_opal_scripts/Makefile
config.status:1120: WARNING:  'doc/examples/sample_opal_scripts/Makefile.in' seems to ignore the --datarootdir setting
config.status:1017: creating doc/examples/tomtom_example_output_files/Makefile
config.status:1120: WARNING:  'doc/examples/tomtom_example_output_files/Makefile.in' seems to ignore the --datarootdir setting
config.status:1017: creating doc/images/Makefile
config.status:1120: WARNING:  'doc/images/Makefile.in' seems to ignore the --datarootdir setting
config.status:1017: creating etc/Makefile
config.status:1120: WARNING:  'etc/Makefile.in' seems to ignore the --datarootdir setting
config.status:1017: creating src/filters/Makefile
config.status:1120: WARNING:  'src/filters/Makefile.in' seems to ignore the --datarootdir setting
config.status:1017: creating src/filters/purge/Makefile
config.status:1120: WARNING:  'src/filters/purge/Makefile.in' seems to ignore the --datarootdir setting
config.status:1017: creating src/filters/dust/Makefile
config.status:1120: WARNING:  'src/filters/dust/Makefile.in' seems to ignore the --datarootdir setting
config.status:1017: creating scripts/Makefile
config.status:1120: WARNING:  'scripts/Makefile.in' seems to ignore the --datarootdir setting
config.status:1017: creating src/Makefile
config.status:1120: WARNING:  'src/Makefile.in' seems to ignore the --datarootdir setting
config.status:1017: creating src/libxml2/Makefile
config.status:1120: WARNING:  'src/libxml2/Makefile.in' seems to ignore the --datarootdir setting
config.status:1017: creating src/libxml2/include/Makefile
config.status:1120: WARNING:  'src/libxml2/include/Makefile.in' seems to ignore the --datarootdir setting
config.status:1017: creating src/libxml2/include/libxml/Makefile
config.status:1120: WARNING:  'src/libxml2/include/libxml/Makefile.in' seems to ignore the --datarootdir setting
config.status:1017: creating src/libxslt/Makefile
config.status:1120: WARNING:  'src/libxslt/Makefile.in' seems to ignore the --datarootdir setting
config.status:1017: creating src/parallel/Makefile
config.status:1120: WARNING:  'src/parallel/Makefile.in' seems to ignore the --datarootdir setting
config.status:1017: creating tests/Makefile
config.status:1120: WARNING:  'tests/Makefile.in' seems to ignore the --datarootdir setting
config.status:1017: creating tests/common/Makefile
config.status:1120: WARNING:  'tests/common/Makefile.in' seems to ignore the --datarootdir setting
config.status:1017: creating tests/mast/Makefile
config.status:1120: WARNING:  'tests/mast/Makefile.in' seems to ignore the --datarootdir setting
config.status:1017: creating tests/mcast/Makefile
config.status:1120: WARNING:  'tests/mcast/Makefile.in' seems to ignore the --datarootdir setting
config.status:1017: creating tests/meme/Makefile
config.status:1120: WARNING:  'tests/meme/Makefile.in' seems to ignore the --datarootdir setting
config.status:1017: creating tests/clustalw2fasta/Makefile
config.status:1120: WARNING:  'tests/clustalw2fasta/Makefile.in' seems to ignore the --datarootdir setting
config.status:1017: creating tests/draw-mhmm/Makefile
config.status:1120: WARNING:  'tests/draw-mhmm/Makefile.in' seems to ignore the --datarootdir setting
config.status:1017: creating tests/fasta-center/Makefile
config.status:1120: WARNING:  'tests/fasta-center/Makefile.in' seems to ignore the --datarootdir setting
config.status:1017: creating tests/fimo/Makefile
config.status:1120: WARNING:  'tests/fimo/Makefile.in' seems to ignore the --datarootdir setting
config.status:1017: creating tests/mhmm/Makefile
config.status:1120: WARNING:  'tests/mhmm/Makefile.in' seems to ignore the --datarootdir setting
config.status:1017: creating tests/mhmms/Makefile
config.status:1120: WARNING:  'tests/mhmms/Makefile.in' seems to ignore the --datarootdir setting
config.status:1017: creating tests/motiph/Makefile
config.status:1120: WARNING:  'tests/motiph/Makefile.in' seems to ignore the --datarootdir setting
config.status:1017: creating tests/psp-gen/Makefile
config.status:1120: WARNING:  'tests/psp-gen/Makefile.in' seems to ignore the --datarootdir setting
config.status:1017: creating tests/gomo/Makefile
config.status:1120: WARNING:  'tests/gomo/Makefile.in' seems to ignore the --datarootdir setting
config.status:1017: creating tests/tomtom/Makefile
config.status:1120: WARNING:  'tests/tomtom/Makefile.in' seems to ignore the --datarootdir setting
config.status:1017: creating tests/scaffold/Makefile
config.status:1120: WARNING:  'tests/scaffold/Makefile.in' seems to ignore the --datarootdir setting
config.status:1017: creating tests/qvalue/Makefile
config.status:1120: WARNING:  'tests/qvalue/Makefile.in' seems to ignore the --datarootdir setting
config.status:1017: creating tests/web/Makefile
config.status:1120: WARNING:  'tests/web/Makefile.in' seems to ignore the --datarootdir setting
config.status:1017: creating website/Makefile
config.status:1120: WARNING:  'website/Makefile.in' seems to ignore the --datarootdir setting
config.status:1017: creating website/cgi-bin/Makefile
config.status:1120: WARNING:  'website/cgi-bin/Makefile.in' seems to ignore the --datarootdir setting
config.status:1017: creating website/html/Makefile
config.status:1120: WARNING:  'website/html/Makefile.in' seems to ignore the --datarootdir setting
config.status:1017: creating website/scripts/Makefile
config.status:1120: WARNING:  'website/scripts/Makefile.in' seems to ignore the --datarootdir setting
config.status:1017: creating website/images/Makefile
config.status:1120: WARNING:  'website/images/Makefile.in' seems to ignore the --datarootdir setting
config.status:1017: creating config.h
config.status:1192: config.h is unchanged
config.status:1239: executing depfiles commands

## ---------------- ##
## Cache variables. ##
## ---------------- ##

ac_cv_build=x86_64-unknown-linux-gnu
ac_cv_c_compiler_gnu=yes
ac_cv_c_const=yes
ac_cv_cxx_compiler_gnu=yes
ac_cv_env_CCC_set=
ac_cv_env_CCC_value=
ac_cv_env_CC_set=
ac_cv_env_CC_value=
ac_cv_env_CFLAGS_set=
ac_cv_env_CFLAGS_value=
ac_cv_env_CPPFLAGS_set=
ac_cv_env_CPPFLAGS_value=
ac_cv_env_CPP_set=
ac_cv_env_CPP_value=
ac_cv_env_CXXCPP_set=
ac_cv_env_CXXCPP_value=
ac_cv_env_CXXFLAGS_set=
ac_cv_env_CXXFLAGS_value=
ac_cv_env_CXX_set=
ac_cv_env_CXX_value=
ac_cv_env_F77_set=
ac_cv_env_F77_value=
ac_cv_env_FFLAGS_set=
ac_cv_env_FFLAGS_value=
ac_cv_env_LDFLAGS_set=
ac_cv_env_LDFLAGS_value=
ac_cv_env_LIBS_set=
ac_cv_env_LIBS_value=
ac_cv_env_build_alias_set=
ac_cv_env_build_alias_value=
ac_cv_env_host_alias_set=
ac_cv_env_host_alias_value=
ac_cv_env_target_alias_set=
ac_cv_env_target_alias_value=
ac_cv_f77_compiler_gnu=yes
ac_cv_func_floor=yes
ac_cv_func_fork=yes
ac_cv_func_fork_works=yes
ac_cv_func_getcwd=yes
ac_cv_func_gethostbyname=yes
ac_cv_func_isascii=yes
ac_cv_func_lstat_dereferences_slashed_symlink=yes
ac_cv_func_malloc_0_nonnull=yes
ac_cv_func_memset=yes
ac_cv_func_pow=yes
ac_cv_func_realloc_0_nonnull=yes
ac_cv_func_rint=yes
ac_cv_func_socket=yes
ac_cv_func_sqrt=yes
ac_cv_func_stat_empty_string_bug=no
ac_cv_func_strchr=yes
ac_cv_func_strcspn=yes
ac_cv_func_strdup=yes
ac_cv_func_strlcpy=no
ac_cv_func_strspn=yes
ac_cv_func_strstr=yes
ac_cv_func_vfork=yes
ac_cv_func_vfork_works=yes
ac_cv_header_arpa_inet_h=yes
ac_cv_header_ctype_h=yes
ac_cv_header_dlfcn_h=yes
ac_cv_header_fcntl_h=yes
ac_cv_header_inttypes_h=yes
ac_cv_header_limits_h=yes
ac_cv_header_memory_h=yes
ac_cv_header_netdb_h=yes
ac_cv_header_netinet_in_h=yes
ac_cv_header_stdbool_h=yes
ac_cv_header_stdc=yes
ac_cv_header_stdint_h=yes
ac_cv_header_stdlib_h=yes
ac_cv_header_string_h=yes
ac_cv_header_strings_h=yes
ac_cv_header_sys_socket_h=yes
ac_cv_header_sys_stat_h=yes
ac_cv_header_sys_time_h=yes
ac_cv_header_sys_types_h=yes
ac_cv_header_sys_wait_h=yes
ac_cv_header_unistd_h=yes
ac_cv_header_vfork_h=no
ac_cv_host=x86_64-unknown-linux-gnu
ac_cv_lib_m_isnan__sqrt__log__exp__fabs__pow__floor__ceil=yes
ac_cv_objext=o
ac_cv_path_ANT=/usr/bin/ant
ac_cv_path_CONVERT=/usr/bin/convert
ac_cv_path_DOT=/usr/bin/dot
ac_cv_path_EGREP='/bin/grep -E'
ac_cv_path_GHOSTSCRIPT=/usr/bin/gs
ac_cv_path_GREP=/bin/grep
ac_cv_path_LD='/usr/x86_64-pc-linux-gnu/bin/ld -m elf_x86_64'
ac_cv_path_PERL=/usr/bin/perl
ac_cv_path_PYTHON=/home/simon/anaconda2/bin/python
ac_cv_path_SED=/bin/sed
ac_cv_path_SENDMAIL=/usr/lib/sendmail
ac_cv_path_XML2_CONFIG=/home/simon/anaconda2/bin/xml2-config
ac_cv_path_XSLT_CONFIG=/home/simon/anaconda2/bin/xslt-config
ac_cv_path_install='/usr/bin/install -c'
ac_cv_prog_AWK=gawk
ac_cv_prog_CPP='gcc -E'
ac_cv_prog_CXXCPP='g++ -E'
ac_cv_prog_ac_ct_AR=ar
ac_cv_prog_ac_ct_CC=gcc
ac_cv_prog_ac_ct_CXX=g++
ac_cv_prog_ac_ct_F77=gfortran
ac_cv_prog_ac_ct_RANLIB=ranlib
ac_cv_prog_ac_ct_STRIP=strip
ac_cv_prog_cc_c89=
ac_cv_prog_cc_g=yes
ac_cv_prog_cc_gcc_c_o=yes
ac_cv_prog_cxx_g=yes
ac_cv_prog_f77_g=yes
ac_cv_prog_make_make_set=yes
ac_cv_type__Bool=yes
ac_cv_type_pid_t=yes
ac_cv_type_signal=void
ac_cv_type_size_t=yes
am_cv_CC_dependencies_compiler_type=gcc3
am_cv_CXX_dependencies_compiler_type=gcc3
am_cv_prog_tar_pax=gnutar
lt_cv_deplibs_check_method=pass_all
lt_cv_file_magic_cmd='$MAGIC_CMD'
lt_cv_file_magic_test_file=
lt_cv_ld_reload_flag=-r
lt_cv_objdir=.libs
lt_cv_path_LD=/usr/x86_64-pc-linux-gnu/bin/ld
lt_cv_path_LDCXX='/usr/x86_64-pc-linux-gnu/bin/ld -m elf_x86_64'
lt_cv_path_NM='/usr/bin/nm -B'
lt_cv_path_SED=/bin/sed
lt_cv_prog_compiler_c_o=yes
lt_cv_prog_compiler_c_o_CXX=yes
lt_cv_prog_compiler_c_o_F77=yes
lt_cv_prog_compiler_rtti_exceptions=no
lt_cv_prog_gnu_ld=yes
lt_cv_prog_gnu_ldcxx=yes
lt_cv_sys_global_symbol_pipe='sed -n -e '\''s/^.*[ 	]\([ABCDGIRSTW][ABCDGIRSTW]*\)[ 	][ 	]*\([_A-Za-z][_A-Za-z0-9]*\)$/\1 \2 \2/p'\'''
lt_cv_sys_global_symbol_to_c_name_address='sed -n -e '\''s/^: \([^ ]*\) $/  {\"\1\", (lt_ptr) 0},/p'\'' -e '\''s/^[BCDEGRST] \([^ ]*\) \([^ ]*\)$/  {"\2", (lt_ptr) \&\2},/p'\'''
lt_cv_sys_global_symbol_to_cdecl='sed -n -e '\''s/^. .* \(.*\)$/extern int \1;/p'\'''
lt_cv_sys_max_cmd_len=32768
lt_lt_cv_prog_compiler_c_o='"yes"'
lt_lt_cv_prog_compiler_c_o_CXX='"yes"'
lt_lt_cv_prog_compiler_c_o_F77='"yes"'
lt_lt_cv_sys_global_symbol_pipe='"sed -n -e '\''s/^.*[ 	]\\([ABCDGIRSTW][ABCDGIRSTW]*\\)[ 	][ 	]*\\([_A-Za-z][_A-Za-z0-9]*\\)\$/\\1 \\2 \\2/p'\''"'
lt_lt_cv_sys_global_symbol_to_c_name_address='"sed -n -e '\''s/^: \\([^ ]*\\) \$/  {\\\"\\1\\\", (lt_ptr) 0},/p'\'' -e '\''s/^[BCDEGRST] \\([^ ]*\\) \\([^ ]*\\)\$/  {\"\\2\", (lt_ptr) \\&\\2},/p'\''"'
lt_lt_cv_sys_global_symbol_to_cdecl='"sed -n -e '\''s/^. .* \\(.*\\)\$/extern int \\1;/p'\''"'

## ----------------- ##
## Output variables. ##
## ----------------- ##

ACLOCAL='${SHELL} /home/simon/git/gimmemotifs/src/meme_4.6.0/config/missing --run aclocal-1.9'
AMDEPBACKSLASH='\'
AMDEP_FALSE='#'
AMDEP_TRUE=''
AMTAR='${SHELL} /home/simon/git/gimmemotifs/src/meme_4.6.0/config/missing --run tar'
ANT='/usr/bin/ant'
AR='ar'
AUTOCONF='${SHELL} /home/simon/git/gimmemotifs/src/meme_4.6.0/config/missing --run autoconf'
AUTOHEADER='${SHELL} /home/simon/git/gimmemotifs/src/meme_4.6.0/config/missing --run autoheader'
AUTOMAKE='${SHELL} /home/simon/git/gimmemotifs/src/meme_4.6.0/config/missing --run automake-1.9'
AWK='gawk'
BLOCKS_URL='http://blocks.fhcrc.org/blocks-bin/process_blocks.pl'
BUILD_LIBXML2_FALSE=''
BUILD_LIBXML2_TRUE='#'
BUILD_LIBXSLT_FALSE=''
BUILD_LIBXSLT_TRUE='#'
CC='gcc'
CCDEPMODE='depmode=gcc3'
CFLAGS='-Wall -Wno-unused -DUNIX -D__USE_FIXED_PROTOTYPES__   -O3'
CONTACT='@gimme'
CONVERT='/usr/bin/convert'
CPP='gcc -E'
CPPFLAGS=''
CXX='g++'
CXXCPP='g++ -E'
CXXDEPMODE='depmode=gcc3'
CXXFLAGS='-g -O2'
CYGPATH_W='echo'
DEBUG_FLAGS=''
DEFS='-DHAVE_CONFIG_H'
DEPDIR='.deps'
DOT='/usr/bin/dot'
ECHO='echo'
ECHO_C=''
ECHO_N='-n'
ECHO_T=''
EGREP='/bin/grep -E'
EXEEXT=''
F77='gfortran'
FFLAGS='-g -O2'
GHOSTSCRIPT='/usr/bin/gs'
GOSERVER_URL='http://amigo.geneontology.org/cgi-bin/amigo/'
GREP='/bin/grep'
HOSTNAME='gimme'
INSTALL_DATA='${INSTALL} -m 644'
INSTALL_PROGRAM='${INSTALL}'
INSTALL_SCRIPT='${INSTALL}'
INSTALL_STRIP_PROGRAM='${SHELL} $(install_sh) -c -s'
LAMBIN=''
LD='/usr/x86_64-pc-linux-gnu/bin/ld -m elf_x86_64'
LDFLAGS=''
LIBOBJS=''
LIBS='-lm '
LIBTOOL='$(SHELL) $(top_builddir)/libtool'
LIBXML2_CFLAGS='-I/home/simon/anaconda2/include/libxml2'
LIBXML2_LIBS='-L/home/simon/anaconda2/lib -lxml2 -lz -lm -ldl'
LIBXSLT_CFLAGS='-I/home/simon/anaconda2/include -I/home/simon/anaconda2/include/libxml2'
LIBXSLT_LIBS='-L/home/simon/anaconda2/lib -lxslt -lxml2 -lz -ldl -lm -lrt'
LN_S='ln -s'
LTLIBOBJS=''
MACHID='linux'
MAIL=''
MAKEINFO='${SHELL} /home/simon/git/gimmemotifs/src/meme_4.6.0/config/missing --run makeinfo'
MAST_PORT=''
MAXTIME='7200'
MEME_DB='${prefix}/db'
MEME_DIRECTORY='${prefix}'
MEME_LOGS='${prefix}/LOGS'
MEME_PORT=''
METAMEME_EXTERNAL_FALSE='#'
METAMEME_EXTERNAL_TRUE=''
MPICC=''
MPIFLAGS='-DPARALLEL '
MPIINC=''
MPILIBDIR=''
MPITYPE=''
MPI_CMD=''
OBJEXT='o'
OPAL_URL='no'
OPAL_XML='no'
OPT_FLAGS='-O3'
PACKAGE='meme'
PACKAGE_BUGREPORT=''
PACKAGE_NAME='meme'
PACKAGE_STRING='meme 4.6.0'
PACKAGE_TARNAME='meme'
PACKAGE_URL=''
PACKAGE_VERSION='4.6.0'
PARALLEL_FALSE=''
PARALLEL_IS_LAM_FALSE=''
PARALLEL_IS_LAM_TRUE='#'
PARALLEL_TRUE='#'
PATH_SEPARATOR=':'
PERL='/usr/bin/perl'
PYTHON='/home/simon/anaconda2/bin/python'
RANLIB='ranlib'
SED='/bin/sed'
SENDMAIL='/usr/lib/sendmail'
SET_MAKE=''
SHELL='/bin/sh'
STRIP='strip'
URL='http://gimme/meme'
VERSION='4.6.0'
WANT_STRLCPY_FALSE='#'
WANT_STRLCPY_TRUE=''
WEBDIR='${prefix}/web'
WEBSERVICE=''
WEBSERVICE_FALSE=''
WEBSERVICE_TRUE='#'
WEBSITE_FALSE=''
WEBSITE_TRUE='#'
XML2_CONFIG='/home/simon/anaconda2/bin/xml2-config'
XSLT_CONFIG='/home/simon/anaconda2/bin/xslt-config'
ac_ct_CC='gcc'
ac_ct_CXX='g++'
ac_ct_F77='gfortran'
am__fastdepCC_FALSE='#'
am__fastdepCC_TRUE=''
am__fastdepCXX_FALSE='#'
am__fastdepCXX_TRUE=''
am__include='include'
am__leading_dot='.'
am__quote=''
am__tar='tar --format=posix -chf - "$$tardir"'
am__untar='tar -xf -'
bindir='${exec_prefix}/bin'
build='x86_64-unknown-linux-gnu'
build_alias=''
build_cpu='x86_64'
build_os='linux-gnu'
build_vendor='unknown'
datadir='${datarootdir}'
datarootdir='${prefix}/share'
docdir='${datarootdir}/doc/${PACKAGE_TARNAME}'
dvidir='${docdir}'
exec_prefix='${prefix}'
host='x86_64-unknown-linux-gnu'
host_alias=''
host_cpu='x86_64'
host_os='linux-gnu'
host_vendor='unknown'
htmldir='${docdir}'
includedir='${prefix}/include'
infodir='${datarootdir}/info'
install_sh='/home/simon/git/gimmemotifs/src/meme_4.6.0/config/install-sh'
libdir='${exec_prefix}/lib'
libexecdir='${exec_prefix}/libexec'
localedir='${datarootdir}/locale'
localstatedir='${prefix}/var'
mandir='${datarootdir}/man'
mkdir_p='mkdir -p --'
oldincludedir='/usr/include'
pdfdir='${docdir}'
prefix='/home/simon'
program_transform_name='s,x,x,'
psdir='${docdir}'
sbindir='${exec_prefix}/sbin'
sharedstatedir='${prefix}/com'
sysconfdir='${prefix}/etc'
target_alias=''

## ----------- ##
## confdefs.h. ##
## ----------- ##

/* confdefs.h */
#define PACKAGE_NAME "meme"
#define PACKAGE_TARNAME "meme"
#define PACKAGE_VERSION "4.6.0"
#define PACKAGE_STRING "meme 4.6.0"
#define PACKAGE_BUGREPORT ""
#define PACKAGE_URL ""
#define PACKAGE "meme"
#define VERSION "4.6.0"
#define STDC_HEADERS 1
#define HAVE_SYS_TYPES_H 1
#define HAVE_SYS_STAT_H 1
#define HAVE_STDLIB_H 1
#define HAVE_STRING_H 1
#define HAVE_MEMORY_H 1
#define HAVE_STRINGS_H 1
#define HAVE_INTTYPES_H 1
#define HAVE_STDINT_H 1
#define HAVE_UNISTD_H 1
#define HAVE_DLFCN_H 1
#define HOSTNAME "gimme"
#define HAVE_LIBM 1
#define STDC_HEADERS 1
#define HAVE_SYS_WAIT_H 1
#define HAVE_ARPA_INET_H 1
#define HAVE_CTYPE_H 1
#define HAVE_FCNTL_H 1
#define HAVE_LIMITS_H 1
#define HAVE_NETDB_H 1
#define HAVE_NETINET_IN_H 1
#define HAVE_STDLIB_H 1
#define HAVE_STRING_H 1
#define HAVE_STRINGS_H 1
#define HAVE_SYS_SOCKET_H 1
#define HAVE_SYS_TIME_H 1
#define HAVE_UNISTD_H 1
#define HAVE__BOOL 1
#define HAVE_STDBOOL_H 1
#define HAVE_FORK 1
#define HAVE_VFORK 1
#define HAVE_WORKING_VFORK 1
#define HAVE_WORKING_FORK 1
#define HAVE_STDLIB_H 1
#define HAVE_MALLOC 1
#define HAVE_STDLIB_H 1
#define HAVE_REALLOC 1
#define RETSIGTYPE void
#define LSTAT_FOLLOWS_SLASHED_SYMLINK 1
#define HAVE_FLOOR 1
#define HAVE_GETCWD 1
#define HAVE_GETHOSTBYNAME 1
#define HAVE_ISASCII 1
#define HAVE_MEMSET 1
#define HAVE_POW 1
#define HAVE_RINT 1
#define HAVE_SOCKET 1
#define HAVE_SQRT 1
#define HAVE_STRCHR 1
#define HAVE_STRCSPN 1
#define HAVE_STRDUP 1
#define HAVE_STRSPN 1
#define HAVE_STRSTR 1
#define Linux /**/
#define PERL "/usr/bin/perl"
#define PYTHON "/home/simon/anaconda2/bin/python"
#define CONVERT_PATH "/usr/bin/convert"
#define GHOSTSCRIPT_PATH "/usr/bin/gs"
#define DOT_PATH ""

configure: exit 0
